â”Œ Info: ðŸŸ¢ Logger initialized
â”‚   logfile = simulation_debug.log
â”” @ Main /net/fluo/data3/data/FluoData1/students/renato/aviris_huslia/debug_huslia_gpp.jl:29
â”Œ Debug: Loading object cache file /home/renatob/.julia/compiled/v1.11/MacroTools/38lnR_P4NcD.so for MacroTools [1914dd2f-81c6-5fcd-8719-6d5c9610ff09]
â”” @ Base loading.jl:1244
â”Œ Debug: Loading object cache file /home/renatob/.julia/compiled/v1.11/JLD2/O1EyT_P4NcD.so for JLD2 [033835bb-8acc-5ee8-8aae-3f567f8a3819]
â”” @ Base loading.jl:1244
â”Œ Info: âœ… Emerald configuration ready
â”‚   saving_keys = ["K_PLANT", "Î¦FÎ¦P", "Î£SIF_LEAF", "MOD_T_MMM", "GPP", "ET_VEG", "Î£SIF_CHL", "SIF771", "NIRvI", "K_ROOT_STEM", "CNPP", "MOD_T_SOIL", "PAR", "EVI", "MOD_P_MMM", "MOD_SWC", "NIRvR", "Î£SIF", "SIF740", "MOD_T_LEAF", "BETA", "NDVI", "SIF757", "PPAR", "SIF683", "MOD_P_LEAF"]
â”” @ Main /net/fluo/data3/data/FluoData1/students/renato/aviris_huslia/debug_huslia_gpp.jl:48
â”Œ Info: ðŸ“¦ Loading trait data
â”‚   file = data/batches/batch_1_1.nc
â”” @ Main /net/fluo/data3/data/FluoData1/students/renato/aviris_huslia/debug_huslia_gpp.jl:56
â”Œ Debug: nc_open data/batches/batch_1_1.nc with mode 0
â”” @ NetcdfIO.NCDatasets /home/renatob/.julia/packages/NetcdfIO/UoGut/src/ncdatasets/netcdf_c.jl:49
â”Œ Debug: parent variable
â”‚   _parentname = 
â”” @ CommonDataModel /home/renatob/.julia/packages/CommonDataModel/vTYnt/src/cfvariable.jl:110
â”Œ Debug: closing 65536
â”” @ NetcdfIO.NCDatasets /home/renatob/.julia/packages/NetcdfIO/UoGut/src/ncdatasets/netcdf_c.jl:895
â”Œ Debug: end close 65536
â”” @ NetcdfIO.NCDatasets /home/renatob/.julia/packages/NetcdfIO/UoGut/src/ncdatasets/netcdf_c.jl:897
â”Œ Debug: nc_open data/batches/batch_1_1.nc with mode 0
â”” @ NetcdfIO.NCDatasets /home/renatob/.julia/packages/NetcdfIO/UoGut/src/ncdatasets/netcdf_c.jl:49
â”Œ Debug: parent variable
â”‚   _parentname = 
â”” @ CommonDataModel /home/renatob/.julia/packages/CommonDataModel/vTYnt/src/cfvariable.jl:110
â”Œ Debug: closing 65536
â”” @ NetcdfIO.NCDatasets /home/renatob/.julia/packages/NetcdfIO/UoGut/src/ncdatasets/netcdf_c.jl:895
â”Œ Debug: end close 65536
â”” @ NetcdfIO.NCDatasets /home/renatob/.julia/packages/NetcdfIO/UoGut/src/ncdatasets/netcdf_c.jl:897
â”Œ Debug: nc_open data/batches/batch_1_1.nc with mode 0
â”” @ NetcdfIO.NCDatasets /home/renatob/.julia/packages/NetcdfIO/UoGut/src/ncdatasets/netcdf_c.jl:49
â”Œ Debug: parent variable
â”‚   _parentname = 
â”” @ CommonDataModel /home/renatob/.julia/packages/CommonDataModel/vTYnt/src/cfvariable.jl:110
â”Œ Debug: closing 65536
â”” @ NetcdfIO.NCDatasets /home/renatob/.julia/packages/NetcdfIO/UoGut/src/ncdatasets/netcdf_c.jl:895
â”Œ Debug: end close 65536
â”” @ NetcdfIO.NCDatasets /home/renatob/.julia/packages/NetcdfIO/UoGut/src/ncdatasets/netcdf_c.jl:897
â”Œ Debug: nc_open data/batches/batch_1_1.nc with mode 0
â”” @ NetcdfIO.NCDatasets /home/renatob/.julia/packages/NetcdfIO/UoGut/src/ncdatasets/netcdf_c.jl:49
â”Œ Debug: parent variable
â”‚   _parentname = 
â”” @ CommonDataModel /home/renatob/.julia/packages/CommonDataModel/vTYnt/src/cfvariable.jl:110
â”Œ Debug: closing 65536
â”” @ NetcdfIO.NCDatasets /home/renatob/.julia/packages/NetcdfIO/UoGut/src/ncdatasets/netcdf_c.jl:895
â”Œ Debug: end close 65536
â”” @ NetcdfIO.NCDatasets /home/renatob/.julia/packages/NetcdfIO/UoGut/src/ncdatasets/netcdf_c.jl:897
â”Œ Debug: nc_open data/batches/batch_1_1.nc with mode 0
â”” @ NetcdfIO.NCDatasets /home/renatob/.julia/packages/NetcdfIO/UoGut/src/ncdatasets/netcdf_c.jl:49
â”Œ Debug: parent variable
â”‚   _parentname = 
â”” @ CommonDataModel /home/renatob/.julia/packages/CommonDataModel/vTYnt/src/cfvariable.jl:110
â”Œ Debug: closing 65536
â”” @ NetcdfIO.NCDatasets /home/renatob/.julia/packages/NetcdfIO/UoGut/src/ncdatasets/netcdf_c.jl:895
â”Œ Debug: end close 65536
â”” @ NetcdfIO.NCDatasets /home/renatob/.julia/packages/NetcdfIO/UoGut/src/ncdatasets/netcdf_c.jl:897
â”Œ Info: âœ… Trait data loaded
â”‚   chls_size = (50, 50)
â”‚   lais_size = (50, 50)
â”‚   vcms_size = (50, 50)
â”” @ Main /net/fluo/data3/data/FluoData1/students/renato/aviris_huslia/debug_huslia_gpp.jl:65
â”Œ Info: âœ… Central 4 pixels extracted
â”‚   n_pixels = 4
â”” @ Main /net/fluo/data3/data/FluoData1/students/renato/aviris_huslia/debug_huslia_gpp.jl:84
â”Œ Debug: nc_open /home/renatob/GriddingMachine//published/8982c2361022359a3a954d9f35b65d48f6b9f39b/ELEV_4X_1Y_V1.nc with mode 0
â”” @ NetcdfIO.NCDatasets /home/renatob/.julia/packages/NetcdfIO/UoGut/src/ncdatasets/netcdf_c.jl:49
â”Œ Debug: parent variable
â”‚   _parentname = 
â”” @ CommonDataModel /home/renatob/.julia/packages/CommonDataModel/vTYnt/src/cfvariable.jl:110
â”Œ Debug: closing 65536
â”” @ NetcdfIO.NCDatasets /home/renatob/.julia/packages/NetcdfIO/UoGut/src/ncdatasets/netcdf_c.jl:895
â”Œ Debug: end close 65536
â”” @ NetcdfIO.NCDatasets /home/renatob/.julia/packages/NetcdfIO/UoGut/src/ncdatasets/netcdf_c.jl:897
â”Œ Debug: nc_open /home/renatob/GriddingMachine//published/8982c2361022359a3a954d9f35b65d48f6b9f39b/ELEV_4X_1Y_V1.nc with mode 0
â”” @ NetcdfIO.NCDatasets /home/renatob/.julia/packages/NetcdfIO/UoGut/src/ncdatasets/netcdf_c.jl:49
â”Œ Debug: parent variable
â”‚   _parentname = 
â”” @ CommonDataModel /home/renatob/.julia/packages/CommonDataModel/vTYnt/src/cfvariable.jl:110
â”Œ Debug: closing 65536
â”” @ NetcdfIO.NCDatasets /home/renatob/.julia/packages/NetcdfIO/UoGut/src/ncdatasets/netcdf_c.jl:895
â”Œ Debug: end close 65536
â”” @ NetcdfIO.NCDatasets /home/renatob/.julia/packages/NetcdfIO/UoGut/src/ncdatasets/netcdf_c.jl:897
â”Œ Debug: nc_open /home/renatob/GriddingMachine//published/8982c2361022359a3a954d9f35b65d48f6b9f39b/ELEV_4X_1Y_V1.nc with mode 0
â”” @ NetcdfIO.NCDatasets /home/renatob/.julia/packages/NetcdfIO/UoGut/src/ncdatasets/netcdf_c.jl:49
â”Œ Debug: parent variable
â”‚   _parentname = 
â”” @ CommonDataModel /home/renatob/.julia/packages/CommonDataModel/vTYnt/src/cfvariable.jl:110
â”Œ Debug: nc_get_var1
â”‚   indexp = [622, 94]
â”” @ NetcdfIO.NCDatasets /home/renatob/.julia/packages/NetcdfIO/UoGut/src/ncdatasets/netcdf_c.jl:566
â”Œ Debug: closing 65536
â”” @ NetcdfIO.NCDatasets /home/renatob/.julia/packages/NetcdfIO/UoGut/src/ncdatasets/netcdf_c.jl:895
â”Œ Debug: end close 65536
â”” @ NetcdfIO.NCDatasets /home/renatob/.julia/packages/NetcdfIO/UoGut/src/ncdatasets/netcdf_c.jl:897
â”Œ Debug: nc_open /home/renatob/GriddingMachine//published/8982c2361022359a3a954d9f35b65d48f6b9f39b/ELEV_4X_1Y_V1.nc with mode 0
â”” @ NetcdfIO.NCDatasets /home/renatob/.julia/packages/NetcdfIO/UoGut/src/ncdatasets/netcdf_c.jl:49
â”Œ Debug: parent variable
â”‚   _parentname = 
â”” @ CommonDataModel /home/renatob/.julia/packages/CommonDataModel/vTYnt/src/cfvariable.jl:110
â”Œ Debug: closing 65536
â”” @ NetcdfIO.NCDatasets /home/renatob/.julia/packages/NetcdfIO/UoGut/src/ncdatasets/netcdf_c.jl:895
â”Œ Debug: end close 65536
â”” @ NetcdfIO.NCDatasets /home/renatob/.julia/packages/NetcdfIO/UoGut/src/ncdatasets/netcdf_c.jl:897
â”Œ Debug: nc_open /home/renatob/GriddingMachine//published/8982c2361022359a3a954d9f35b65d48f6b9f39b/ELEV_4X_1Y_V1.nc with mode 0
â”” @ NetcdfIO.NCDatasets /home/renatob/.julia/packages/NetcdfIO/UoGut/src/ncdatasets/netcdf_c.jl:49
â”Œ Debug: parent variable
â”‚   _parentname = 
â”” @ CommonDataModel /home/renatob/.julia/packages/CommonDataModel/vTYnt/src/cfvariable.jl:110
â”Œ Debug: nc_get_var1
â”‚   indexp = [622, 94]
â”” @ NetcdfIO.NCDatasets /home/renatob/.julia/packages/NetcdfIO/UoGut/src/ncdatasets/netcdf_c.jl:566
â”Œ Debug: closing 65536
â”” @ NetcdfIO.NCDatasets /home/renatob/.julia/packages/NetcdfIO/UoGut/src/ncdatasets/netcdf_c.jl:895
â”Œ Debug: end close 65536
â”” @ NetcdfIO.NCDatasets /home/renatob/.julia/packages/NetcdfIO/UoGut/src/ncdatasets/netcdf_c.jl:897
â”Œ Debug: nc_open /home/renatob/GriddingMachine//published/5662e9e197e74055f9582b9ff35a9612e2a15ea7/LAI_MODIS_2X_8D_2020_V1.nc with mode 0
â”” @ NetcdfIO.NCDatasets /home/renatob/.julia/packages/NetcdfIO/UoGut/src/ncdatasets/netcdf_c.jl:49
â”Œ Debug: parent variable
â”‚   _parentname = 
â”” @ CommonDataModel /home/renatob/.julia/packages/CommonDataModel/vTYnt/src/cfvariable.jl:110
â”Œ Debug: closing 65536
â”” @ NetcdfIO.NCDatasets /home/renatob/.julia/packages/NetcdfIO/UoGut/src/ncdatasets/netcdf_c.jl:895
â”Œ Debug: end close 65536
â”” @ NetcdfIO.NCDatasets /home/renatob/.julia/packages/NetcdfIO/UoGut/src/ncdatasets/netcdf_c.jl:897
â”Œ Debug: nc_open /home/renatob/GriddingMachine//published/5662e9e197e74055f9582b9ff35a9612e2a15ea7/LAI_MODIS_2X_8D_2020_V1.nc with mode 0
â”” @ NetcdfIO.NCDatasets /home/renatob/.julia/packages/NetcdfIO/UoGut/src/ncdatasets/netcdf_c.jl:49
â”Œ Debug: parent variable
â”‚   _parentname = 
â”” @ CommonDataModel /home/renatob/.julia/packages/CommonDataModel/vTYnt/src/cfvariable.jl:110
â”Œ Debug: closing 65536
â”” @ NetcdfIO.NCDatasets /home/renatob/.julia/packages/NetcdfIO/UoGut/src/ncdatasets/netcdf_c.jl:895
â”Œ Debug: end close 65536
â”” @ NetcdfIO.NCDatasets /home/renatob/.julia/packages/NetcdfIO/UoGut/src/ncdatasets/netcdf_c.jl:897
â”Œ Debug: nc_open /home/renatob/GriddingMachine//published/5662e9e197e74055f9582b9ff35a9612e2a15ea7/LAI_MODIS_2X_8D_2020_V1.nc with mode 0
â”” @ NetcdfIO.NCDatasets /home/renatob/.julia/packages/NetcdfIO/UoGut/src/ncdatasets/netcdf_c.jl:49
â”Œ Debug: parent variable
â”‚   _parentname = 
â”” @ CommonDataModel /home/renatob/.julia/packages/CommonDataModel/vTYnt/src/cfvariable.jl:110
â”Œ Debug: nc_get_vars!: [0, 311, 47],[46, 1, 1],[1, 1, 1]
â”” @ NetcdfIO.NCDatasets /home/renatob/.julia/packages/NetcdfIO/UoGut/src/ncdatasets/netcdf_c.jl:753
â”Œ Debug: closing 65536
â”” @ NetcdfIO.NCDatasets /home/renatob/.julia/packages/NetcdfIO/UoGut/src/ncdatasets/netcdf_c.jl:895
â”Œ Debug: end close 65536
â”” @ NetcdfIO.NCDatasets /home/renatob/.julia/packages/NetcdfIO/UoGut/src/ncdatasets/netcdf_c.jl:897
â”Œ Debug: nc_open /home/renatob/GriddingMachine//published/5662e9e197e74055f9582b9ff35a9612e2a15ea7/LAI_MODIS_2X_8D_2020_V1.nc with mode 0
â”” @ NetcdfIO.NCDatasets /home/renatob/.julia/packages/NetcdfIO/UoGut/src/ncdatasets/netcdf_c.jl:49
â”Œ Debug: parent variable
â”‚   _parentname = 
â”” @ CommonDataModel /home/renatob/.julia/packages/CommonDataModel/vTYnt/src/cfvariable.jl:110
â”Œ Debug: closing 65536
â”” @ NetcdfIO.NCDatasets /home/renatob/.julia/packages/NetcdfIO/UoGut/src/ncdatasets/netcdf_c.jl:895
â”Œ Debug: end close 65536
â”” @ NetcdfIO.NCDatasets /home/renatob/.julia/packages/NetcdfIO/UoGut/src/ncdatasets/netcdf_c.jl:897
â”Œ Debug: nc_open /home/renatob/GriddingMachine//published/5662e9e197e74055f9582b9ff35a9612e2a15ea7/LAI_MODIS_2X_8D_2020_V1.nc with mode 0
â”” @ NetcdfIO.NCDatasets /home/renatob/.julia/packages/NetcdfIO/UoGut/src/ncdatasets/netcdf_c.jl:49
â”Œ Debug: parent variable
â”‚   _parentname = 
â”” @ CommonDataModel /home/renatob/.julia/packages/CommonDataModel/vTYnt/src/cfvariable.jl:110
â”Œ Debug: nc_get_vars!: [0, 311, 47],[46, 1, 1],[1, 1, 1]
â”” @ NetcdfIO.NCDatasets /home/renatob/.julia/packages/NetcdfIO/UoGut/src/ncdatasets/netcdf_c.jl:753
â”Œ Debug: closing 65536
â”” @ NetcdfIO.NCDatasets /home/renatob/.julia/packages/NetcdfIO/UoGut/src/ncdatasets/netcdf_c.jl:895
â”Œ Debug: end close 65536
â”” @ NetcdfIO.NCDatasets /home/renatob/.julia/packages/NetcdfIO/UoGut/src/ncdatasets/netcdf_c.jl:897
â”Œ Debug: nc_open /home/renatob/GriddingMachine//published/29cd434229d72705e9fa434c3a25e9889aba69e5/SC_2X_1Y_V1.nc with mode 0
â”” @ NetcdfIO.NCDatasets /home/renatob/.julia/packages/NetcdfIO/UoGut/src/ncdatasets/netcdf_c.jl:49
â”Œ Debug: parent variable
â”‚   _parentname = 
â”” @ CommonDataModel /home/renatob/.julia/packages/CommonDataModel/vTYnt/src/cfvariable.jl:110
â”Œ Debug: closing 65536
â”” @ NetcdfIO.NCDatasets /home/renatob/.julia/packages/NetcdfIO/UoGut/src/ncdatasets/netcdf_c.jl:895
â”Œ Debug: end close 65536
â”” @ NetcdfIO.NCDatasets /home/renatob/.julia/packages/NetcdfIO/UoGut/src/ncdatasets/netcdf_c.jl:897
â”Œ Debug: nc_open /home/renatob/GriddingMachine//published/29cd434229d72705e9fa434c3a25e9889aba69e5/SC_2X_1Y_V1.nc with mode 0
â”” @ NetcdfIO.NCDatasets /home/renatob/.julia/packages/NetcdfIO/UoGut/src/ncdatasets/netcdf_c.jl:49
â”Œ Debug: parent variable
â”‚   _parentname = 
â”” @ CommonDataModel /home/renatob/.julia/packages/CommonDataModel/vTYnt/src/cfvariable.jl:110
â”Œ Debug: closing 65536
â”” @ NetcdfIO.NCDatasets /home/renatob/.julia/packages/NetcdfIO/UoGut/src/ncdatasets/netcdf_c.jl:895
â”Œ Debug: end close 65536
â”” @ NetcdfIO.NCDatasets /home/renatob/.julia/packages/NetcdfIO/UoGut/src/ncdatasets/netcdf_c.jl:897
â”Œ Debug: nc_open /home/renatob/GriddingMachine//published/29cd434229d72705e9fa434c3a25e9889aba69e5/SC_2X_1Y_V1.nc with mode 0
â”” @ NetcdfIO.NCDatasets /home/renatob/.julia/packages/NetcdfIO/UoGut/src/ncdatasets/netcdf_c.jl:49
â”Œ Debug: parent variable
â”‚   _parentname = 
â”” @ CommonDataModel /home/renatob/.julia/packages/CommonDataModel/vTYnt/src/cfvariable.jl:110
â”Œ Debug: nc_get_var1
â”‚   indexp = [311, 47]
â”” @ NetcdfIO.NCDatasets /home/renatob/.julia/packages/NetcdfIO/UoGut/src/ncdatasets/netcdf_c.jl:566
â”Œ Debug: closing 65536
â”” @ NetcdfIO.NCDatasets /home/renatob/.julia/packages/NetcdfIO/UoGut/src/ncdatasets/netcdf_c.jl:895
â”Œ Debug: end close 65536
â”” @ NetcdfIO.NCDatasets /home/renatob/.julia/packages/NetcdfIO/UoGut/src/ncdatasets/netcdf_c.jl:897
â”Œ Debug: nc_open /home/renatob/GriddingMachine//published/29cd434229d72705e9fa434c3a25e9889aba69e5/SC_2X_1Y_V1.nc with mode 0
â”” @ NetcdfIO.NCDatasets /home/renatob/.julia/packages/NetcdfIO/UoGut/src/ncdatasets/netcdf_c.jl:49
â”Œ Debug: parent variable
â”‚   _parentname = 
â”” @ CommonDataModel /home/renatob/.julia/packages/CommonDataModel/vTYnt/src/cfvariable.jl:110
â”Œ Debug: closing 65536
â”” @ NetcdfIO.NCDatasets /home/renatob/.julia/packages/NetcdfIO/UoGut/src/ncdatasets/netcdf_c.jl:895
â”Œ Debug: end close 65536
â”” @ NetcdfIO.NCDatasets /home/renatob/.julia/packages/NetcdfIO/UoGut/src/ncdatasets/netcdf_c.jl:897
â”Œ Debug: nc_open /home/renatob/GriddingMachine//published/29cd434229d72705e9fa434c3a25e9889aba69e5/SC_2X_1Y_V1.nc with mode 0
â”” @ NetcdfIO.NCDatasets /home/renatob/.julia/packages/NetcdfIO/UoGut/src/ncdatasets/netcdf_c.jl:49
â”Œ Debug: parent variable
â”‚   _parentname = 
â”” @ CommonDataModel /home/renatob/.julia/packages/CommonDataModel/vTYnt/src/cfvariable.jl:110
â”Œ Debug: nc_get_var1
â”‚   indexp = [311, 47]
â”” @ NetcdfIO.NCDatasets /home/renatob/.julia/packages/NetcdfIO/UoGut/src/ncdatasets/netcdf_c.jl:566
â”Œ Debug: closing 65536
â”” @ NetcdfIO.NCDatasets /home/renatob/.julia/packages/NetcdfIO/UoGut/src/ncdatasets/netcdf_c.jl:895
â”Œ Debug: end close 65536
â”” @ NetcdfIO.NCDatasets /home/renatob/.julia/packages/NetcdfIO/UoGut/src/ncdatasets/netcdf_c.jl:897
â”Œ Debug: nc_open /home/renatob/GriddingMachine//published/137a141ba5dba7db1e9922efd26487fb77d810f7/SOIL_VGN_12X_1Y_V1.nc with mode 0
â”” @ NetcdfIO.NCDatasets /home/renatob/.julia/packages/NetcdfIO/UoGut/src/ncdatasets/netcdf_c.jl:49
â”Œ Debug: parent variable
â”‚   _parentname = 
â”” @ CommonDataModel /home/renatob/.julia/packages/CommonDataModel/vTYnt/src/cfvariable.jl:110
â”Œ Debug: closing 65536
â”” @ NetcdfIO.NCDatasets /home/renatob/.julia/packages/NetcdfIO/UoGut/src/ncdatasets/netcdf_c.jl:895
â”Œ Debug: end close 65536
â”” @ NetcdfIO.NCDatasets /home/renatob/.julia/packages/NetcdfIO/UoGut/src/ncdatasets/netcdf_c.jl:897
â”Œ Debug: nc_open /home/renatob/GriddingMachine//published/137a141ba5dba7db1e9922efd26487fb77d810f7/SOIL_VGN_12X_1Y_V1.nc with mode 0
â”” @ NetcdfIO.NCDatasets /home/renatob/.julia/packages/NetcdfIO/UoGut/src/ncdatasets/netcdf_c.jl:49
â”Œ Debug: parent variable
â”‚   _parentname = 
â”” @ CommonDataModel /home/renatob/.julia/packages/CommonDataModel/vTYnt/src/cfvariable.jl:110
â”Œ Debug: closing 65536
â”” @ NetcdfIO.NCDatasets /home/renatob/.julia/packages/NetcdfIO/UoGut/src/ncdatasets/netcdf_c.jl:895
â”Œ Debug: end close 65536
â”” @ NetcdfIO.NCDatasets /home/renatob/.julia/packages/NetcdfIO/UoGut/src/ncdatasets/netcdf_c.jl:897
â”Œ Debug: nc_open /home/renatob/GriddingMachine//published/137a141ba5dba7db1e9922efd26487fb77d810f7/SOIL_VGN_12X_1Y_V1.nc with mode 0
â”” @ NetcdfIO.NCDatasets /home/renatob/.julia/packages/NetcdfIO/UoGut/src/ncdatasets/netcdf_c.jl:49
â”Œ Debug: parent variable
â”‚   _parentname = 
â”” @ CommonDataModel /home/renatob/.julia/packages/CommonDataModel/vTYnt/src/cfvariable.jl:110
â”Œ Debug: nc_get_vars!: [0, 1868, 283],[4, 1, 1],[1, 1, 1]
â”” @ NetcdfIO.NCDatasets /home/renatob/.julia/packages/NetcdfIO/UoGut/src/ncdatasets/netcdf_c.jl:753
â”Œ Debug: closing 65536
â”” @ NetcdfIO.NCDatasets /home/renatob/.julia/packages/NetcdfIO/UoGut/src/ncdatasets/netcdf_c.jl:895
â”Œ Debug: end close 65536
â”” @ NetcdfIO.NCDatasets /home/renatob/.julia/packages/NetcdfIO/UoGut/src/ncdatasets/netcdf_c.jl:897
â”Œ Debug: nc_open /home/renatob/GriddingMachine//published/137a141ba5dba7db1e9922efd26487fb77d810f7/SOIL_VGN_12X_1Y_V1.nc with mode 0
â”” @ NetcdfIO.NCDatasets /home/renatob/.julia/packages/NetcdfIO/UoGut/src/ncdatasets/netcdf_c.jl:49
â”Œ Debug: parent variable
â”‚   _parentname = 
â”” @ CommonDataModel /home/renatob/.julia/packages/CommonDataModel/vTYnt/src/cfvariable.jl:110
â”Œ Debug: closing 65536
â”” @ NetcdfIO.NCDatasets /home/renatob/.julia/packages/NetcdfIO/UoGut/src/ncdatasets/netcdf_c.jl:895
â”Œ Debug: end close 65536
â”” @ NetcdfIO.NCDatasets /home/renatob/.julia/packages/NetcdfIO/UoGut/src/ncdatasets/netcdf_c.jl:897
â”Œ Debug: nc_open /home/renatob/GriddingMachine//published/137a141ba5dba7db1e9922efd26487fb77d810f7/SOIL_VGN_12X_1Y_V1.nc with mode 0
â”” @ NetcdfIO.NCDatasets /home/renatob/.julia/packages/NetcdfIO/UoGut/src/ncdatasets/netcdf_c.jl:49
â”Œ Debug: parent variable
â”‚   _parentname = 
â”” @ CommonDataModel /home/renatob/.julia/packages/CommonDataModel/vTYnt/src/cfvariable.jl:110
â”Œ Debug: nc_get_vars!: [0, 1868, 283],[4, 1, 1],[1, 1, 1]
â”” @ NetcdfIO.NCDatasets /home/renatob/.julia/packages/NetcdfIO/UoGut/src/ncdatasets/netcdf_c.jl:753
â”Œ Debug: closing 65536
â”” @ NetcdfIO.NCDatasets /home/renatob/.julia/packages/NetcdfIO/UoGut/src/ncdatasets/netcdf_c.jl:895
â”Œ Debug: end close 65536
â”” @ NetcdfIO.NCDatasets /home/renatob/.julia/packages/NetcdfIO/UoGut/src/ncdatasets/netcdf_c.jl:897
â”Œ Debug: nc_open /home/renatob/GriddingMachine//published/137a141ba5dba7db1e9922efd26487fb77d810f7/SOIL_VGN_12X_1Y_V1.nc with mode 0
â”” @ NetcdfIO.NCDatasets /home/renatob/.julia/packages/NetcdfIO/UoGut/src/ncdatasets/netcdf_c.jl:49
â”Œ Debug: parent variable
â”‚   _parentname = 
â”” @ CommonDataModel /home/renatob/.julia/packages/CommonDataModel/vTYnt/src/cfvariable.jl:110
â”Œ Debug: closing 65536
â”” @ NetcdfIO.NCDatasets /home/renatob/.julia/packages/NetcdfIO/UoGut/src/ncdatasets/netcdf_c.jl:895
â”Œ Debug: end close 65536
â”” @ NetcdfIO.NCDatasets /home/renatob/.julia/packages/NetcdfIO/UoGut/src/ncdatasets/netcdf_c.jl:897
â”Œ Debug: nc_open /home/renatob/GriddingMachine//published/137a141ba5dba7db1e9922efd26487fb77d810f7/SOIL_VGN_12X_1Y_V1.nc with mode 0
â”” @ NetcdfIO.NCDatasets /home/renatob/.julia/packages/NetcdfIO/UoGut/src/ncdatasets/netcdf_c.jl:49
â”Œ Debug: parent variable
â”‚   _parentname = 
â”” @ CommonDataModel /home/renatob/.julia/packages/CommonDataModel/vTYnt/src/cfvariable.jl:110
â”Œ Debug: closing 65536
â”” @ NetcdfIO.NCDatasets /home/renatob/.julia/packages/NetcdfIO/UoGut/src/ncdatasets/netcdf_c.jl:895
â”Œ Debug: end close 65536
â”” @ NetcdfIO.NCDatasets /home/renatob/.julia/packages/NetcdfIO/UoGut/src/ncdatasets/netcdf_c.jl:897
â”Œ Debug: nc_open /home/renatob/GriddingMachine//published/137a141ba5dba7db1e9922efd26487fb77d810f7/SOIL_VGN_12X_1Y_V1.nc with mode 0
â”” @ NetcdfIO.NCDatasets /home/renatob/.julia/packages/NetcdfIO/UoGut/src/ncdatasets/netcdf_c.jl:49
â”Œ Debug: parent variable
â”‚   _parentname = 
â”” @ CommonDataModel /home/renatob/.julia/packages/CommonDataModel/vTYnt/src/cfvariable.jl:110
â”Œ Debug: nc_get_vars!: [0, 1868, 283],[4, 1, 1],[1, 1, 1]
â”” @ NetcdfIO.NCDatasets /home/renatob/.julia/packages/NetcdfIO/UoGut/src/ncdatasets/netcdf_c.jl:753
â”Œ Debug: closing 65536
â”” @ NetcdfIO.NCDatasets /home/renatob/.julia/packages/NetcdfIO/UoGut/src/ncdatasets/netcdf_c.jl:895
â”Œ Debug: end close 65536
â”” @ NetcdfIO.NCDatasets /home/renatob/.julia/packages/NetcdfIO/UoGut/src/ncdatasets/netcdf_c.jl:897
â”Œ Debug: nc_open /home/renatob/GriddingMachine//published/137a141ba5dba7db1e9922efd26487fb77d810f7/SOIL_VGN_12X_1Y_V1.nc with mode 0
â”” @ NetcdfIO.NCDatasets /home/renatob/.julia/packages/NetcdfIO/UoGut/src/ncdatasets/netcdf_c.jl:49
â”Œ Debug: parent variable
â”‚   _parentname = 
â”” @ CommonDataModel /home/renatob/.julia/packages/CommonDataModel/vTYnt/src/cfvariable.jl:110
â”Œ Debug: closing 65536
â”” @ NetcdfIO.NCDatasets /home/renatob/.julia/packages/NetcdfIO/UoGut/src/ncdatasets/netcdf_c.jl:895
â”Œ Debug: end close 65536
â”” @ NetcdfIO.NCDatasets /home/renatob/.julia/packages/NetcdfIO/UoGut/src/ncdatasets/netcdf_c.jl:897
â”Œ Debug: nc_open /home/renatob/GriddingMachine//published/137a141ba5dba7db1e9922efd26487fb77d810f7/SOIL_VGN_12X_1Y_V1.nc with mode 0
â”” @ NetcdfIO.NCDatasets /home/renatob/.julia/packages/NetcdfIO/UoGut/src/ncdatasets/netcdf_c.jl:49
â”Œ Debug: parent variable
â”‚   _parentname = 
â”” @ CommonDataModel /home/renatob/.julia/packages/CommonDataModel/vTYnt/src/cfvariable.jl:110
â”Œ Debug: nc_get_vars!: [0, 1868, 283],[4, 1, 1],[1, 1, 1]
â”” @ NetcdfIO.NCDatasets /home/renatob/.julia/packages/NetcdfIO/UoGut/src/ncdatasets/netcdf_c.jl:753
â”Œ Debug: closing 65536
â”” @ NetcdfIO.NCDatasets /home/renatob/.julia/packages/NetcdfIO/UoGut/src/ncdatasets/netcdf_c.jl:895
â”Œ Debug: end close 65536
â”” @ NetcdfIO.NCDatasets /home/renatob/.julia/packages/NetcdfIO/UoGut/src/ncdatasets/netcdf_c.jl:897
â”Œ Debug: nc_open /home/renatob/GriddingMachine//published/d5134186bfabf415032c06c8a484597bb235afe0/SOIL_SWCR_12X_1Y_V1.nc with mode 0
â”” @ NetcdfIO.NCDatasets /home/renatob/.julia/packages/NetcdfIO/UoGut/src/ncdatasets/netcdf_c.jl:49
â”Œ Debug: parent variable
â”‚   _parentname = 
â”” @ CommonDataModel /home/renatob/.julia/packages/CommonDataModel/vTYnt/src/cfvariable.jl:110
â”Œ Debug: closing 65536
â”” @ NetcdfIO.NCDatasets /home/renatob/.julia/packages/NetcdfIO/UoGut/src/ncdatasets/netcdf_c.jl:895
â”Œ Debug: end close 65536
â”” @ NetcdfIO.NCDatasets /home/renatob/.julia/packages/NetcdfIO/UoGut/src/ncdatasets/netcdf_c.jl:897
â”Œ Debug: nc_open /home/renatob/GriddingMachine//published/d5134186bfabf415032c06c8a484597bb235afe0/SOIL_SWCR_12X_1Y_V1.nc with mode 0
â”” @ NetcdfIO.NCDatasets /home/renatob/.julia/packages/NetcdfIO/UoGut/src/ncdatasets/netcdf_c.jl:49
â”Œ Debug: parent variable
â”‚   _parentname = 
â”” @ CommonDataModel /home/renatob/.julia/packages/CommonDataModel/vTYnt/src/cfvariable.jl:110
â”Œ Debug: closing 65536
â”” @ NetcdfIO.NCDatasets /home/renatob/.julia/packages/NetcdfIO/UoGut/src/ncdatasets/netcdf_c.jl:895
â”Œ Debug: end close 65536
â”” @ NetcdfIO.NCDatasets /home/renatob/.julia/packages/NetcdfIO/UoGut/src/ncdatasets/netcdf_c.jl:897
â”Œ Debug: nc_open /home/renatob/GriddingMachine//published/d5134186bfabf415032c06c8a484597bb235afe0/SOIL_SWCR_12X_1Y_V1.nc with mode 0
â”” @ NetcdfIO.NCDatasets /home/renatob/.julia/packages/NetcdfIO/UoGut/src/ncdatasets/netcdf_c.jl:49
â”Œ Debug: parent variable
â”‚   _parentname = 
â”” @ CommonDataModel /home/renatob/.julia/packages/CommonDataModel/vTYnt/src/cfvariable.jl:110
â”Œ Debug: nc_get_vars!: [0, 1868, 283],[4, 1, 1],[1, 1, 1]
â”” @ NetcdfIO.NCDatasets /home/renatob/.julia/packages/NetcdfIO/UoGut/src/ncdatasets/netcdf_c.jl:753
â”Œ Debug: closing 65536
â”” @ NetcdfIO.NCDatasets /home/renatob/.julia/packages/NetcdfIO/UoGut/src/ncdatasets/netcdf_c.jl:895
â”Œ Debug: end close 65536
â”” @ NetcdfIO.NCDatasets /home/renatob/.julia/packages/NetcdfIO/UoGut/src/ncdatasets/netcdf_c.jl:897
â”Œ Debug: nc_open /home/renatob/GriddingMachine//published/d5134186bfabf415032c06c8a484597bb235afe0/SOIL_SWCR_12X_1Y_V1.nc with mode 0
â”” @ NetcdfIO.NCDatasets /home/renatob/.julia/packages/NetcdfIO/UoGut/src/ncdatasets/netcdf_c.jl:49
â”Œ Debug: parent variable
â”‚   _parentname = 
â”” @ CommonDataModel /home/renatob/.julia/packages/CommonDataModel/vTYnt/src/cfvariable.jl:110
â”Œ Debug: closing 65536
â”” @ NetcdfIO.NCDatasets /home/renatob/.julia/packages/NetcdfIO/UoGut/src/ncdatasets/netcdf_c.jl:895
â”Œ Debug: end close 65536
â”” @ NetcdfIO.NCDatasets /home/renatob/.julia/packages/NetcdfIO/UoGut/src/ncdatasets/netcdf_c.jl:897
â”Œ Debug: nc_open /home/renatob/GriddingMachine//published/d5134186bfabf415032c06c8a484597bb235afe0/SOIL_SWCR_12X_1Y_V1.nc with mode 0
â”” @ NetcdfIO.NCDatasets /home/renatob/.julia/packages/NetcdfIO/UoGut/src/ncdatasets/netcdf_c.jl:49
â”Œ Debug: parent variable
â”‚   _parentname = 
â”” @ CommonDataModel /home/renatob/.julia/packages/CommonDataModel/vTYnt/src/cfvariable.jl:110
â”Œ Debug: nc_get_vars!: [0, 1868, 283],[4, 1, 1],[1, 1, 1]
â”” @ NetcdfIO.NCDatasets /home/renatob/.julia/packages/NetcdfIO/UoGut/src/ncdatasets/netcdf_c.jl:753
â”Œ Debug: closing 65536
â”” @ NetcdfIO.NCDatasets /home/renatob/.julia/packages/NetcdfIO/UoGut/src/ncdatasets/netcdf_c.jl:895
â”Œ Debug: end close 65536
â”” @ NetcdfIO.NCDatasets /home/renatob/.julia/packages/NetcdfIO/UoGut/src/ncdatasets/netcdf_c.jl:897
â”Œ Debug: nc_open /home/renatob/GriddingMachine//published/035ee92010937a0aee873c88e8e4f3705fcc0d06/SOIL_SWCS_12X_1Y_V1.nc with mode 0
â”” @ NetcdfIO.NCDatasets /home/renatob/.julia/packages/NetcdfIO/UoGut/src/ncdatasets/netcdf_c.jl:49
â”Œ Debug: parent variable
â”‚   _parentname = 
â”” @ CommonDataModel /home/renatob/.julia/packages/CommonDataModel/vTYnt/src/cfvariable.jl:110
â”Œ Debug: closing 65536
â”” @ NetcdfIO.NCDatasets /home/renatob/.julia/packages/NetcdfIO/UoGut/src/ncdatasets/netcdf_c.jl:895
â”Œ Debug: end close 65536
â”” @ NetcdfIO.NCDatasets /home/renatob/.julia/packages/NetcdfIO/UoGut/src/ncdatasets/netcdf_c.jl:897
â”Œ Debug: nc_open /home/renatob/GriddingMachine//published/035ee92010937a0aee873c88e8e4f3705fcc0d06/SOIL_SWCS_12X_1Y_V1.nc with mode 0
â”” @ NetcdfIO.NCDatasets /home/renatob/.julia/packages/NetcdfIO/UoGut/src/ncdatasets/netcdf_c.jl:49
â”Œ Debug: parent variable
â”‚   _parentname = 
â”” @ CommonDataModel /home/renatob/.julia/packages/CommonDataModel/vTYnt/src/cfvariable.jl:110
â”Œ Debug: closing 65536
â”” @ NetcdfIO.NCDatasets /home/renatob/.julia/packages/NetcdfIO/UoGut/src/ncdatasets/netcdf_c.jl:895
â”Œ Debug: end close 65536
â”” @ NetcdfIO.NCDatasets /home/renatob/.julia/packages/NetcdfIO/UoGut/src/ncdatasets/netcdf_c.jl:897
â”Œ Debug: nc_open /home/renatob/GriddingMachine//published/035ee92010937a0aee873c88e8e4f3705fcc0d06/SOIL_SWCS_12X_1Y_V1.nc with mode 0
â”” @ NetcdfIO.NCDatasets /home/renatob/.julia/packages/NetcdfIO/UoGut/src/ncdatasets/netcdf_c.jl:49
â”Œ Debug: parent variable
â”‚   _parentname = 
â”” @ CommonDataModel /home/renatob/.julia/packages/CommonDataModel/vTYnt/src/cfvariable.jl:110
â”Œ Debug: nc_get_vars!: [0, 1868, 283],[4, 1, 1],[1, 1, 1]
â”” @ NetcdfIO.NCDatasets /home/renatob/.julia/packages/NetcdfIO/UoGut/src/ncdatasets/netcdf_c.jl:753
â”Œ Debug: closing 65536
â”” @ NetcdfIO.NCDatasets /home/renatob/.julia/packages/NetcdfIO/UoGut/src/ncdatasets/netcdf_c.jl:895
â”Œ Debug: end close 65536
â”” @ NetcdfIO.NCDatasets /home/renatob/.julia/packages/NetcdfIO/UoGut/src/ncdatasets/netcdf_c.jl:897
â”Œ Debug: nc_open /home/renatob/GriddingMachine//published/035ee92010937a0aee873c88e8e4f3705fcc0d06/SOIL_SWCS_12X_1Y_V1.nc with mode 0
â”” @ NetcdfIO.NCDatasets /home/renatob/.julia/packages/NetcdfIO/UoGut/src/ncdatasets/netcdf_c.jl:49
â”Œ Debug: parent variable
â”‚   _parentname = 
â”” @ CommonDataModel /home/renatob/.julia/packages/CommonDataModel/vTYnt/src/cfvariable.jl:110
â”Œ Debug: closing 65536
â”” @ NetcdfIO.NCDatasets /home/renatob/.julia/packages/NetcdfIO/UoGut/src/ncdatasets/netcdf_c.jl:895
â”Œ Debug: end close 65536
â”” @ NetcdfIO.NCDatasets /home/renatob/.julia/packages/NetcdfIO/UoGut/src/ncdatasets/netcdf_c.jl:897
â”Œ Debug: nc_open /home/renatob/GriddingMachine//published/035ee92010937a0aee873c88e8e4f3705fcc0d06/SOIL_SWCS_12X_1Y_V1.nc with mode 0
â”” @ NetcdfIO.NCDatasets /home/renatob/.julia/packages/NetcdfIO/UoGut/src/ncdatasets/netcdf_c.jl:49
â”Œ Debug: parent variable
â”‚   _parentname = 
â”” @ CommonDataModel /home/renatob/.julia/packages/CommonDataModel/vTYnt/src/cfvariable.jl:110
â”Œ Debug: nc_get_vars!: [0, 1868, 283],[4, 1, 1],[1, 1, 1]
â”” @ NetcdfIO.NCDatasets /home/renatob/.julia/packages/NetcdfIO/UoGut/src/ncdatasets/netcdf_c.jl:753
â”Œ Debug: closing 65536
â”” @ NetcdfIO.NCDatasets /home/renatob/.julia/packages/NetcdfIO/UoGut/src/ncdatasets/netcdf_c.jl:895
â”Œ Debug: end close 65536
â”” @ NetcdfIO.NCDatasets /home/renatob/.julia/packages/NetcdfIO/UoGut/src/ncdatasets/netcdf_c.jl:897
â”Œ Debug: nc_open /home/renatob/GriddingMachine//published/ce410fa4f36c3abdaa18da6c3afcd78c9656d929/CHL_2X_7D_V1.nc with mode 0
â”” @ NetcdfIO.NCDatasets /home/renatob/.julia/packages/NetcdfIO/UoGut/src/ncdatasets/netcdf_c.jl:49
â”Œ Debug: parent variable
â”‚   _parentname = 
â”” @ CommonDataModel /home/renatob/.julia/packages/CommonDataModel/vTYnt/src/cfvariable.jl:110
â”Œ Debug: closing 65536
â”” @ NetcdfIO.NCDatasets /home/renatob/.julia/packages/NetcdfIO/UoGut/src/ncdatasets/netcdf_c.jl:895
â”Œ Debug: end close 65536
â”” @ NetcdfIO.NCDatasets /home/renatob/.julia/packages/NetcdfIO/UoGut/src/ncdatasets/netcdf_c.jl:897
â”Œ Debug: nc_open /home/renatob/GriddingMachine//published/ce410fa4f36c3abdaa18da6c3afcd78c9656d929/CHL_2X_7D_V1.nc with mode 0
â”” @ NetcdfIO.NCDatasets /home/renatob/.julia/packages/NetcdfIO/UoGut/src/ncdatasets/netcdf_c.jl:49
â”Œ Debug: parent variable
â”‚   _parentname = 
â”” @ CommonDataModel /home/renatob/.julia/packages/CommonDataModel/vTYnt/src/cfvariable.jl:110
â”Œ Debug: closing 65536
â”” @ NetcdfIO.NCDatasets /home/renatob/.julia/packages/NetcdfIO/UoGut/src/ncdatasets/netcdf_c.jl:895
â”Œ Debug: end close 65536
â”” @ NetcdfIO.NCDatasets /home/renatob/.julia/packages/NetcdfIO/UoGut/src/ncdatasets/netcdf_c.jl:897
â”Œ Debug: nc_open /home/renatob/GriddingMachine//published/ce410fa4f36c3abdaa18da6c3afcd78c9656d929/CHL_2X_7D_V1.nc with mode 0
â”” @ NetcdfIO.NCDatasets /home/renatob/.julia/packages/NetcdfIO/UoGut/src/ncdatasets/netcdf_c.jl:49
â”Œ Debug: parent variable
â”‚   _parentname = 
â”” @ CommonDataModel /home/renatob/.julia/packages/CommonDataModel/vTYnt/src/cfvariable.jl:110
â”Œ Debug: nc_get_vars!: [0, 311, 47],[52, 1, 1],[1, 1, 1]
â”” @ NetcdfIO.NCDatasets /home/renatob/.julia/packages/NetcdfIO/UoGut/src/ncdatasets/netcdf_c.jl:753
â”Œ Debug: closing 65536
â”” @ NetcdfIO.NCDatasets /home/renatob/.julia/packages/NetcdfIO/UoGut/src/ncdatasets/netcdf_c.jl:895
â”Œ Debug: end close 65536
â”” @ NetcdfIO.NCDatasets /home/renatob/.julia/packages/NetcdfIO/UoGut/src/ncdatasets/netcdf_c.jl:897
â”Œ Debug: nc_open /home/renatob/GriddingMachine//published/ce410fa4f36c3abdaa18da6c3afcd78c9656d929/CHL_2X_7D_V1.nc with mode 0
â”” @ NetcdfIO.NCDatasets /home/renatob/.julia/packages/NetcdfIO/UoGut/src/ncdatasets/netcdf_c.jl:49
â”Œ Debug: parent variable
â”‚   _parentname = 
â”” @ CommonDataModel /home/renatob/.julia/packages/CommonDataModel/vTYnt/src/cfvariable.jl:110
â”Œ Debug: closing 65536
â”” @ NetcdfIO.NCDatasets /home/renatob/.julia/packages/NetcdfIO/UoGut/src/ncdatasets/netcdf_c.jl:895
â”Œ Debug: end close 65536
â”” @ NetcdfIO.NCDatasets /home/renatob/.julia/packages/NetcdfIO/UoGut/src/ncdatasets/netcdf_c.jl:897
â”Œ Debug: nc_open /home/renatob/GriddingMachine//published/ce410fa4f36c3abdaa18da6c3afcd78c9656d929/CHL_2X_7D_V1.nc with mode 0
â”” @ NetcdfIO.NCDatasets /home/renatob/.julia/packages/NetcdfIO/UoGut/src/ncdatasets/netcdf_c.jl:49
â”Œ Debug: parent variable
â”‚   _parentname = 
â”” @ CommonDataModel /home/renatob/.julia/packages/CommonDataModel/vTYnt/src/cfvariable.jl:110
â”Œ Debug: nc_get_vars!: [0, 311, 47],[52, 1, 1],[1, 1, 1]
â”” @ NetcdfIO.NCDatasets /home/renatob/.julia/packages/NetcdfIO/UoGut/src/ncdatasets/netcdf_c.jl:753
â”Œ Debug: closing 65536
â”” @ NetcdfIO.NCDatasets /home/renatob/.julia/packages/NetcdfIO/UoGut/src/ncdatasets/netcdf_c.jl:895
â”Œ Debug: end close 65536
â”” @ NetcdfIO.NCDatasets /home/renatob/.julia/packages/NetcdfIO/UoGut/src/ncdatasets/netcdf_c.jl:897
â”Œ Debug: nc_open /home/renatob/GriddingMachine//published/0324e3106e8e2ef1ba3b13c895b87cf00ec00660/CI_2X_1M_V3.nc with mode 0
â”” @ NetcdfIO.NCDatasets /home/renatob/.julia/packages/NetcdfIO/UoGut/src/ncdatasets/netcdf_c.jl:49
â”Œ Debug: parent variable
â”‚   _parentname = 
â”” @ CommonDataModel /home/renatob/.julia/packages/CommonDataModel/vTYnt/src/cfvariable.jl:110
â”Œ Debug: closing 65536
â”” @ NetcdfIO.NCDatasets /home/renatob/.julia/packages/NetcdfIO/UoGut/src/ncdatasets/netcdf_c.jl:895
â”Œ Debug: end close 65536
â”” @ NetcdfIO.NCDatasets /home/renatob/.julia/packages/NetcdfIO/UoGut/src/ncdatasets/netcdf_c.jl:897
â”Œ Debug: nc_open /home/renatob/GriddingMachine//published/0324e3106e8e2ef1ba3b13c895b87cf00ec00660/CI_2X_1M_V3.nc with mode 0
â”” @ NetcdfIO.NCDatasets /home/renatob/.julia/packages/NetcdfIO/UoGut/src/ncdatasets/netcdf_c.jl:49
â”Œ Debug: parent variable
â”‚   _parentname = 
â”” @ CommonDataModel /home/renatob/.julia/packages/CommonDataModel/vTYnt/src/cfvariable.jl:110
â”Œ Debug: closing 65536
â”” @ NetcdfIO.NCDatasets /home/renatob/.julia/packages/NetcdfIO/UoGut/src/ncdatasets/netcdf_c.jl:895
â”Œ Debug: end close 65536
â”” @ NetcdfIO.NCDatasets /home/renatob/.julia/packages/NetcdfIO/UoGut/src/ncdatasets/netcdf_c.jl:897
â”Œ Debug: nc_open /home/renatob/GriddingMachine//published/0324e3106e8e2ef1ba3b13c895b87cf00ec00660/CI_2X_1M_V3.nc with mode 0
â”” @ NetcdfIO.NCDatasets /home/renatob/.julia/packages/NetcdfIO/UoGut/src/ncdatasets/netcdf_c.jl:49
â”Œ Debug: parent variable
â”‚   _parentname = 
â”” @ CommonDataModel /home/renatob/.julia/packages/CommonDataModel/vTYnt/src/cfvariable.jl:110
â”Œ Debug: nc_get_vars!: [0, 311, 47],[12, 1, 1],[1, 1, 1]
â”” @ NetcdfIO.NCDatasets /home/renatob/.julia/packages/NetcdfIO/UoGut/src/ncdatasets/netcdf_c.jl:753
â”Œ Debug: closing 65536
â”” @ NetcdfIO.NCDatasets /home/renatob/.julia/packages/NetcdfIO/UoGut/src/ncdatasets/netcdf_c.jl:895
â”Œ Debug: end close 65536
â”” @ NetcdfIO.NCDatasets /home/renatob/.julia/packages/NetcdfIO/UoGut/src/ncdatasets/netcdf_c.jl:897
â”Œ Debug: nc_open /home/renatob/GriddingMachine//published/0324e3106e8e2ef1ba3b13c895b87cf00ec00660/CI_2X_1M_V3.nc with mode 0
â”” @ NetcdfIO.NCDatasets /home/renatob/.julia/packages/NetcdfIO/UoGut/src/ncdatasets/netcdf_c.jl:49
â”Œ Debug: parent variable
â”‚   _parentname = 
â”” @ CommonDataModel /home/renatob/.julia/packages/CommonDataModel/vTYnt/src/cfvariable.jl:110
â”Œ Debug: closing 65536
â”” @ NetcdfIO.NCDatasets /home/renatob/.julia/packages/NetcdfIO/UoGut/src/ncdatasets/netcdf_c.jl:895
â”Œ Debug: end close 65536
â”” @ NetcdfIO.NCDatasets /home/renatob/.julia/packages/NetcdfIO/UoGut/src/ncdatasets/netcdf_c.jl:897
â”Œ Debug: nc_open /home/renatob/GriddingMachine//published/0324e3106e8e2ef1ba3b13c895b87cf00ec00660/CI_2X_1M_V3.nc with mode 0
â”” @ NetcdfIO.NCDatasets /home/renatob/.julia/packages/NetcdfIO/UoGut/src/ncdatasets/netcdf_c.jl:49
â”Œ Debug: parent variable
â”‚   _parentname = 
â”” @ CommonDataModel /home/renatob/.julia/packages/CommonDataModel/vTYnt/src/cfvariable.jl:110
â”Œ Debug: nc_get_vars!: [0, 311, 47],[12, 1, 1],[1, 1, 1]
â”” @ NetcdfIO.NCDatasets /home/renatob/.julia/packages/NetcdfIO/UoGut/src/ncdatasets/netcdf_c.jl:753
â”Œ Debug: closing 65536
â”” @ NetcdfIO.NCDatasets /home/renatob/.julia/packages/NetcdfIO/UoGut/src/ncdatasets/netcdf_c.jl:895
â”Œ Debug: end close 65536
â”” @ NetcdfIO.NCDatasets /home/renatob/.julia/packages/NetcdfIO/UoGut/src/ncdatasets/netcdf_c.jl:897
â”Œ Debug: nc_open /home/renatob/GriddingMachine//published/3c4e1ac76e251a89d2459b7c6b03b9eee7ba15b2/SLA_2X_1Y_V1.nc with mode 0
â”” @ NetcdfIO.NCDatasets /home/renatob/.julia/packages/NetcdfIO/UoGut/src/ncdatasets/netcdf_c.jl:49
â”Œ Debug: parent variable
â”‚   _parentname = 
â”” @ CommonDataModel /home/renatob/.julia/packages/CommonDataModel/vTYnt/src/cfvariable.jl:110
â”Œ Debug: closing 65536
â”” @ NetcdfIO.NCDatasets /home/renatob/.julia/packages/NetcdfIO/UoGut/src/ncdatasets/netcdf_c.jl:895
â”Œ Debug: end close 65536
â”” @ NetcdfIO.NCDatasets /home/renatob/.julia/packages/NetcdfIO/UoGut/src/ncdatasets/netcdf_c.jl:897
â”Œ Debug: nc_open /home/renatob/GriddingMachine//published/3c4e1ac76e251a89d2459b7c6b03b9eee7ba15b2/SLA_2X_1Y_V1.nc with mode 0
â”” @ NetcdfIO.NCDatasets /home/renatob/.julia/packages/NetcdfIO/UoGut/src/ncdatasets/netcdf_c.jl:49
â”Œ Debug: parent variable
â”‚   _parentname = 
â”” @ CommonDataModel /home/renatob/.julia/packages/CommonDataModel/vTYnt/src/cfvariable.jl:110
â”Œ Debug: closing 65536
â”” @ NetcdfIO.NCDatasets /home/renatob/.julia/packages/NetcdfIO/UoGut/src/ncdatasets/netcdf_c.jl:895
â”Œ Debug: end close 65536
â”” @ NetcdfIO.NCDatasets /home/renatob/.julia/packages/NetcdfIO/UoGut/src/ncdatasets/netcdf_c.jl:897
â”Œ Debug: nc_open /home/renatob/GriddingMachine//published/3c4e1ac76e251a89d2459b7c6b03b9eee7ba15b2/SLA_2X_1Y_V1.nc with mode 0
â”” @ NetcdfIO.NCDatasets /home/renatob/.julia/packages/NetcdfIO/UoGut/src/ncdatasets/netcdf_c.jl:49
â”Œ Debug: parent variable
â”‚   _parentname = 
â”” @ CommonDataModel /home/renatob/.julia/packages/CommonDataModel/vTYnt/src/cfvariable.jl:110
â”Œ Debug: nc_get_var1
â”‚   indexp = [311, 47]
â”” @ NetcdfIO.NCDatasets /home/renatob/.julia/packages/NetcdfIO/UoGut/src/ncdatasets/netcdf_c.jl:566
â”Œ Debug: closing 65536
â”” @ NetcdfIO.NCDatasets /home/renatob/.julia/packages/NetcdfIO/UoGut/src/ncdatasets/netcdf_c.jl:895
â”Œ Debug: end close 65536
â”” @ NetcdfIO.NCDatasets /home/renatob/.julia/packages/NetcdfIO/UoGut/src/ncdatasets/netcdf_c.jl:897
â”Œ Debug: nc_open /home/renatob/GriddingMachine//published/3c4e1ac76e251a89d2459b7c6b03b9eee7ba15b2/SLA_2X_1Y_V1.nc with mode 0
â”” @ NetcdfIO.NCDatasets /home/renatob/.julia/packages/NetcdfIO/UoGut/src/ncdatasets/netcdf_c.jl:49
â”Œ Debug: parent variable
â”‚   _parentname = 
â”” @ CommonDataModel /home/renatob/.julia/packages/CommonDataModel/vTYnt/src/cfvariable.jl:110
â”Œ Debug: closing 65536
â”” @ NetcdfIO.NCDatasets /home/renatob/.julia/packages/NetcdfIO/UoGut/src/ncdatasets/netcdf_c.jl:895
â”Œ Debug: end close 65536
â”” @ NetcdfIO.NCDatasets /home/renatob/.julia/packages/NetcdfIO/UoGut/src/ncdatasets/netcdf_c.jl:897
â”Œ Debug: nc_open /home/renatob/GriddingMachine//published/3c4e1ac76e251a89d2459b7c6b03b9eee7ba15b2/SLA_2X_1Y_V1.nc with mode 0
â”” @ NetcdfIO.NCDatasets /home/renatob/.julia/packages/NetcdfIO/UoGut/src/ncdatasets/netcdf_c.jl:49
â”Œ Debug: parent variable
â”‚   _parentname = 
â”” @ CommonDataModel /home/renatob/.julia/packages/CommonDataModel/vTYnt/src/cfvariable.jl:110
â”Œ Debug: nc_get_var1
â”‚   indexp = [311, 47]
â”” @ NetcdfIO.NCDatasets /home/renatob/.julia/packages/NetcdfIO/UoGut/src/ncdatasets/netcdf_c.jl:566
â”Œ Debug: closing 65536
â”” @ NetcdfIO.NCDatasets /home/renatob/.julia/packages/NetcdfIO/UoGut/src/ncdatasets/netcdf_c.jl:895
â”Œ Debug: end close 65536
â”” @ NetcdfIO.NCDatasets /home/renatob/.julia/packages/NetcdfIO/UoGut/src/ncdatasets/netcdf_c.jl:897
â”Œ Debug: nc_open /home/renatob/GriddingMachine//published/ecc92c654ef31d99fdea975629b899686c0bb71b/PFT_2X_1Y_V1.nc with mode 0
â”” @ NetcdfIO.NCDatasets /home/renatob/.julia/packages/NetcdfIO/UoGut/src/ncdatasets/netcdf_c.jl:49
â”Œ Debug: parent variable
â”‚   _parentname = 
â”” @ CommonDataModel /home/renatob/.julia/packages/CommonDataModel/vTYnt/src/cfvariable.jl:110
â”Œ Debug: closing 65536
â”” @ NetcdfIO.NCDatasets /home/renatob/.julia/packages/NetcdfIO/UoGut/src/ncdatasets/netcdf_c.jl:895
â”Œ Debug: end close 65536
â”” @ NetcdfIO.NCDatasets /home/renatob/.julia/packages/NetcdfIO/UoGut/src/ncdatasets/netcdf_c.jl:897
â”Œ Debug: nc_open /home/renatob/GriddingMachine//published/ecc92c654ef31d99fdea975629b899686c0bb71b/PFT_2X_1Y_V1.nc with mode 0
â”” @ NetcdfIO.NCDatasets /home/renatob/.julia/packages/NetcdfIO/UoGut/src/ncdatasets/netcdf_c.jl:49
â”Œ Debug: parent variable
â”‚   _parentname = 
â”” @ CommonDataModel /home/renatob/.julia/packages/CommonDataModel/vTYnt/src/cfvariable.jl:110
â”Œ Debug: closing 65536
â”” @ NetcdfIO.NCDatasets /home/renatob/.julia/packages/NetcdfIO/UoGut/src/ncdatasets/netcdf_c.jl:895
â”Œ Debug: end close 65536
â”” @ NetcdfIO.NCDatasets /home/renatob/.julia/packages/NetcdfIO/UoGut/src/ncdatasets/netcdf_c.jl:897
â”Œ Debug: nc_open /home/renatob/GriddingMachine//published/ecc92c654ef31d99fdea975629b899686c0bb71b/PFT_2X_1Y_V1.nc with mode 0
â”” @ NetcdfIO.NCDatasets /home/renatob/.julia/packages/NetcdfIO/UoGut/src/ncdatasets/netcdf_c.jl:49
â”Œ Debug: parent variable
â”‚   _parentname = 
â”” @ CommonDataModel /home/renatob/.julia/packages/CommonDataModel/vTYnt/src/cfvariable.jl:110
â”Œ Debug: nc_get_vars!: [0, 311, 47],[17, 1, 1],[1, 1, 1]
â”” @ NetcdfIO.NCDatasets /home/renatob/.julia/packages/NetcdfIO/UoGut/src/ncdatasets/netcdf_c.jl:753
â”Œ Debug: closing 65536
â”” @ NetcdfIO.NCDatasets /home/renatob/.julia/packages/NetcdfIO/UoGut/src/ncdatasets/netcdf_c.jl:895
â”Œ Debug: end close 65536
â”” @ NetcdfIO.NCDatasets /home/renatob/.julia/packages/NetcdfIO/UoGut/src/ncdatasets/netcdf_c.jl:897
â”Œ Debug: nc_open /home/renatob/GriddingMachine//published/ecc92c654ef31d99fdea975629b899686c0bb71b/PFT_2X_1Y_V1.nc with mode 0
â”” @ NetcdfIO.NCDatasets /home/renatob/.julia/packages/NetcdfIO/UoGut/src/ncdatasets/netcdf_c.jl:49
â”Œ Debug: parent variable
â”‚   _parentname = 
â”” @ CommonDataModel /home/renatob/.julia/packages/CommonDataModel/vTYnt/src/cfvariable.jl:110
â”Œ Debug: closing 65536
â”” @ NetcdfIO.NCDatasets /home/renatob/.julia/packages/NetcdfIO/UoGut/src/ncdatasets/netcdf_c.jl:895
â”Œ Debug: end close 65536
â”” @ NetcdfIO.NCDatasets /home/renatob/.julia/packages/NetcdfIO/UoGut/src/ncdatasets/netcdf_c.jl:897
â”Œ Debug: nc_open /home/renatob/GriddingMachine//published/ecc92c654ef31d99fdea975629b899686c0bb71b/PFT_2X_1Y_V1.nc with mode 0
â”” @ NetcdfIO.NCDatasets /home/renatob/.julia/packages/NetcdfIO/UoGut/src/ncdatasets/netcdf_c.jl:49
â”Œ Debug: parent variable
â”‚   _parentname = 
â”” @ CommonDataModel /home/renatob/.julia/packages/CommonDataModel/vTYnt/src/cfvariable.jl:110
â”Œ Debug: nc_get_vars!: [0, 311, 47],[17, 1, 1],[1, 1, 1]
â”” @ NetcdfIO.NCDatasets /home/renatob/.julia/packages/NetcdfIO/UoGut/src/ncdatasets/netcdf_c.jl:753
â”Œ Debug: closing 65536
â”” @ NetcdfIO.NCDatasets /home/renatob/.julia/packages/NetcdfIO/UoGut/src/ncdatasets/netcdf_c.jl:895
â”Œ Debug: end close 65536
â”” @ NetcdfIO.NCDatasets /home/renatob/.julia/packages/NetcdfIO/UoGut/src/ncdatasets/netcdf_c.jl:897
â”Œ Debug: nc_open /home/renatob/GriddingMachine//published/8e82b3b97603651740df68ff493cb497c6f7b486/CH_20X_1Y_V1.nc with mode 0
â”” @ NetcdfIO.NCDatasets /home/renatob/.julia/packages/NetcdfIO/UoGut/src/ncdatasets/netcdf_c.jl:49
â”Œ Debug: parent variable
â”‚   _parentname = 
â”” @ CommonDataModel /home/renatob/.julia/packages/CommonDataModel/vTYnt/src/cfvariable.jl:110
â”Œ Debug: closing 65536
â”” @ NetcdfIO.NCDatasets /home/renatob/.julia/packages/NetcdfIO/UoGut/src/ncdatasets/netcdf_c.jl:895
â”Œ Debug: end close 65536
â”” @ NetcdfIO.NCDatasets /home/renatob/.julia/packages/NetcdfIO/UoGut/src/ncdatasets/netcdf_c.jl:897
â”Œ Debug: nc_open /home/renatob/GriddingMachine//published/8e82b3b97603651740df68ff493cb497c6f7b486/CH_20X_1Y_V1.nc with mode 0
â”” @ NetcdfIO.NCDatasets /home/renatob/.julia/packages/NetcdfIO/UoGut/src/ncdatasets/netcdf_c.jl:49
â”Œ Debug: parent variable
â”‚   _parentname = 
â”” @ CommonDataModel /home/renatob/.julia/packages/CommonDataModel/vTYnt/src/cfvariable.jl:110
â”Œ Debug: closing 65536
â”” @ NetcdfIO.NCDatasets /home/renatob/.julia/packages/NetcdfIO/UoGut/src/ncdatasets/netcdf_c.jl:895
â”Œ Debug: end close 65536
â”” @ NetcdfIO.NCDatasets /home/renatob/.julia/packages/NetcdfIO/UoGut/src/ncdatasets/netcdf_c.jl:897
â”Œ Debug: nc_open /home/renatob/GriddingMachine//published/8e82b3b97603651740df68ff493cb497c6f7b486/CH_20X_1Y_V1.nc with mode 0
â”” @ NetcdfIO.NCDatasets /home/renatob/.julia/packages/NetcdfIO/UoGut/src/ncdatasets/netcdf_c.jl:49
â”Œ Debug: parent variable
â”‚   _parentname = 
â”” @ CommonDataModel /home/renatob/.julia/packages/CommonDataModel/vTYnt/src/cfvariable.jl:110
â”Œ Debug: nc_get_var1
â”‚   indexp = [3113, 471]
â”” @ NetcdfIO.NCDatasets /home/renatob/.julia/packages/NetcdfIO/UoGut/src/ncdatasets/netcdf_c.jl:566
â”Œ Debug: closing 65536
â”” @ NetcdfIO.NCDatasets /home/renatob/.julia/packages/NetcdfIO/UoGut/src/ncdatasets/netcdf_c.jl:895
â”Œ Debug: end close 65536
â”” @ NetcdfIO.NCDatasets /home/renatob/.julia/packages/NetcdfIO/UoGut/src/ncdatasets/netcdf_c.jl:897
â”Œ Debug: nc_open /home/renatob/GriddingMachine//published/8e82b3b97603651740df68ff493cb497c6f7b486/CH_20X_1Y_V1.nc with mode 0
â”” @ NetcdfIO.NCDatasets /home/renatob/.julia/packages/NetcdfIO/UoGut/src/ncdatasets/netcdf_c.jl:49
â”Œ Debug: parent variable
â”‚   _parentname = 
â”” @ CommonDataModel /home/renatob/.julia/packages/CommonDataModel/vTYnt/src/cfvariable.jl:110
â”Œ Debug: closing 65536
â”” @ NetcdfIO.NCDatasets /home/renatob/.julia/packages/NetcdfIO/UoGut/src/ncdatasets/netcdf_c.jl:895
â”Œ Debug: end close 65536
â”” @ NetcdfIO.NCDatasets /home/renatob/.julia/packages/NetcdfIO/UoGut/src/ncdatasets/netcdf_c.jl:897
â”Œ Debug: nc_open /home/renatob/GriddingMachine//published/8e82b3b97603651740df68ff493cb497c6f7b486/CH_20X_1Y_V1.nc with mode 0
â”” @ NetcdfIO.NCDatasets /home/renatob/.julia/packages/NetcdfIO/UoGut/src/ncdatasets/netcdf_c.jl:49
â”Œ Debug: parent variable
â”‚   _parentname = 
â”” @ CommonDataModel /home/renatob/.julia/packages/CommonDataModel/vTYnt/src/cfvariable.jl:110
â”Œ Debug: nc_get_var1
â”‚   indexp = [3113, 471]
â”” @ NetcdfIO.NCDatasets /home/renatob/.julia/packages/NetcdfIO/UoGut/src/ncdatasets/netcdf_c.jl:566
â”Œ Debug: closing 65536
â”” @ NetcdfIO.NCDatasets /home/renatob/.julia/packages/NetcdfIO/UoGut/src/ncdatasets/netcdf_c.jl:895
â”Œ Debug: end close 65536
â”” @ NetcdfIO.NCDatasets /home/renatob/.julia/packages/NetcdfIO/UoGut/src/ncdatasets/netcdf_c.jl:897
â”Œ Debug: nc_open /home/renatob/GriddingMachine//published/f77d012b83e957bbb2c7498f4068e9169025d425/VCMAX_2X_1Y_V2.nc with mode 0
â”” @ NetcdfIO.NCDatasets /home/renatob/.julia/packages/NetcdfIO/UoGut/src/ncdatasets/netcdf_c.jl:49
â”Œ Debug: parent variable
â”‚   _parentname = 
â”” @ CommonDataModel /home/renatob/.julia/packages/CommonDataModel/vTYnt/src/cfvariable.jl:110
â”Œ Debug: closing 65536
â”” @ NetcdfIO.NCDatasets /home/renatob/.julia/packages/NetcdfIO/UoGut/src/ncdatasets/netcdf_c.jl:895
â”Œ Debug: end close 65536
â”” @ NetcdfIO.NCDatasets /home/renatob/.julia/packages/NetcdfIO/UoGut/src/ncdatasets/netcdf_c.jl:897
â”Œ Debug: nc_open /home/renatob/GriddingMachine//published/f77d012b83e957bbb2c7498f4068e9169025d425/VCMAX_2X_1Y_V2.nc with mode 0
â”” @ NetcdfIO.NCDatasets /home/renatob/.julia/packages/NetcdfIO/UoGut/src/ncdatasets/netcdf_c.jl:49
â”Œ Debug: parent variable
â”‚   _parentname = 
â”” @ CommonDataModel /home/renatob/.julia/packages/CommonDataModel/vTYnt/src/cfvariable.jl:110
â”Œ Debug: closing 65536
â”” @ NetcdfIO.NCDatasets /home/renatob/.julia/packages/NetcdfIO/UoGut/src/ncdatasets/netcdf_c.jl:895
â”Œ Debug: end close 65536
â”” @ NetcdfIO.NCDatasets /home/renatob/.julia/packages/NetcdfIO/UoGut/src/ncdatasets/netcdf_c.jl:897
â”Œ Debug: nc_open /home/renatob/GriddingMachine//published/f77d012b83e957bbb2c7498f4068e9169025d425/VCMAX_2X_1Y_V2.nc with mode 0
â”” @ NetcdfIO.NCDatasets /home/renatob/.julia/packages/NetcdfIO/UoGut/src/ncdatasets/netcdf_c.jl:49
â”Œ Debug: parent variable
â”‚   _parentname = 
â”” @ CommonDataModel /home/renatob/.julia/packages/CommonDataModel/vTYnt/src/cfvariable.jl:110
â”Œ Debug: nc_get_var1
â”‚   indexp = [311, 47]
â”” @ NetcdfIO.NCDatasets /home/renatob/.julia/packages/NetcdfIO/UoGut/src/ncdatasets/netcdf_c.jl:566
â”Œ Debug: closing 65536
â”” @ NetcdfIO.NCDatasets /home/renatob/.julia/packages/NetcdfIO/UoGut/src/ncdatasets/netcdf_c.jl:895
â”Œ Debug: end close 65536
â”” @ NetcdfIO.NCDatasets /home/renatob/.julia/packages/NetcdfIO/UoGut/src/ncdatasets/netcdf_c.jl:897
â”Œ Debug: nc_open /home/renatob/GriddingMachine//published/f77d012b83e957bbb2c7498f4068e9169025d425/VCMAX_2X_1Y_V2.nc with mode 0
â”” @ NetcdfIO.NCDatasets /home/renatob/.julia/packages/NetcdfIO/UoGut/src/ncdatasets/netcdf_c.jl:49
â”Œ Debug: parent variable
â”‚   _parentname = 
â”” @ CommonDataModel /home/renatob/.julia/packages/CommonDataModel/vTYnt/src/cfvariable.jl:110
â”Œ Debug: closing 65536
â”” @ NetcdfIO.NCDatasets /home/renatob/.julia/packages/NetcdfIO/UoGut/src/ncdatasets/netcdf_c.jl:895
â”Œ Debug: end close 65536
â”” @ NetcdfIO.NCDatasets /home/renatob/.julia/packages/NetcdfIO/UoGut/src/ncdatasets/netcdf_c.jl:897
â”Œ Debug: nc_open /home/renatob/GriddingMachine//published/f77d012b83e957bbb2c7498f4068e9169025d425/VCMAX_2X_1Y_V2.nc with mode 0
â”” @ NetcdfIO.NCDatasets /home/renatob/.julia/packages/NetcdfIO/UoGut/src/ncdatasets/netcdf_c.jl:49
â”Œ Debug: parent variable
â”‚   _parentname = 
â”” @ CommonDataModel /home/renatob/.julia/packages/CommonDataModel/vTYnt/src/cfvariable.jl:110
â”Œ Debug: nc_get_var1
â”‚   indexp = [311, 47]
â”” @ NetcdfIO.NCDatasets /home/renatob/.julia/packages/NetcdfIO/UoGut/src/ncdatasets/netcdf_c.jl:566
â”Œ Debug: closing 65536
â”” @ NetcdfIO.NCDatasets /home/renatob/.julia/packages/NetcdfIO/UoGut/src/ncdatasets/netcdf_c.jl:895
â”Œ Debug: end close 65536
â”” @ NetcdfIO.NCDatasets /home/renatob/.julia/packages/NetcdfIO/UoGut/src/ncdatasets/netcdf_c.jl:897
â”Œ Debug: nc_open /home/renatob/GriddingMachine//published/8982c2361022359a3a954d9f35b65d48f6b9f39b/ELEV_4X_1Y_V1.nc with mode 0
â”” @ NetcdfIO.NCDatasets /home/renatob/.julia/packages/NetcdfIO/UoGut/src/ncdatasets/netcdf_c.jl:49
â”Œ Debug: parent variable
â”‚   _parentname = 
â”” @ CommonDataModel /home/renatob/.julia/packages/CommonDataModel/vTYnt/src/cfvariable.jl:110
â”Œ Debug: closing 65536
â”” @ NetcdfIO.NCDatasets /home/renatob/.julia/packages/NetcdfIO/UoGut/src/ncdatasets/netcdf_c.jl:895
â”Œ Debug: end close 65536
â”” @ NetcdfIO.NCDatasets /home/renatob/.julia/packages/NetcdfIO/UoGut/src/ncdatasets/netcdf_c.jl:897
â”Œ Debug: nc_open /home/renatob/GriddingMachine//published/8982c2361022359a3a954d9f35b65d48f6b9f39b/ELEV_4X_1Y_V1.nc with mode 0
â”” @ NetcdfIO.NCDatasets /home/renatob/.julia/packages/NetcdfIO/UoGut/src/ncdatasets/netcdf_c.jl:49
â”Œ Debug: parent variable
â”‚   _parentname = 
â”” @ CommonDataModel /home/renatob/.julia/packages/CommonDataModel/vTYnt/src/cfvariable.jl:110
â”Œ Debug: closing 65536
â”” @ NetcdfIO.NCDatasets /home/renatob/.julia/packages/NetcdfIO/UoGut/src/ncdatasets/netcdf_c.jl:895
â”Œ Debug: end close 65536
â”” @ NetcdfIO.NCDatasets /home/renatob/.julia/packages/NetcdfIO/UoGut/src/ncdatasets/netcdf_c.jl:897
â”Œ Debug: nc_open /home/renatob/GriddingMachine//published/8982c2361022359a3a954d9f35b65d48f6b9f39b/ELEV_4X_1Y_V1.nc with mode 0
â”” @ NetcdfIO.NCDatasets /home/renatob/.julia/packages/NetcdfIO/UoGut/src/ncdatasets/netcdf_c.jl:49
â”Œ Debug: parent variable
â”‚   _parentname = 
â”” @ CommonDataModel /home/renatob/.julia/packages/CommonDataModel/vTYnt/src/cfvariable.jl:110
â”Œ Debug: nc_get_var1
â”‚   indexp = [622, 94]
â”” @ NetcdfIO.NCDatasets /home/renatob/.julia/packages/NetcdfIO/UoGut/src/ncdatasets/netcdf_c.jl:566
â”Œ Debug: closing 65536
â”” @ NetcdfIO.NCDatasets /home/renatob/.julia/packages/NetcdfIO/UoGut/src/ncdatasets/netcdf_c.jl:895
â”Œ Debug: end close 65536
â”” @ NetcdfIO.NCDatasets /home/renatob/.julia/packages/NetcdfIO/UoGut/src/ncdatasets/netcdf_c.jl:897
â”Œ Debug: nc_open /home/renatob/GriddingMachine//published/8982c2361022359a3a954d9f35b65d48f6b9f39b/ELEV_4X_1Y_V1.nc with mode 0
â”” @ NetcdfIO.NCDatasets /home/renatob/.julia/packages/NetcdfIO/UoGut/src/ncdatasets/netcdf_c.jl:49
â”Œ Debug: parent variable
â”‚   _parentname = 
â”” @ CommonDataModel /home/renatob/.julia/packages/CommonDataModel/vTYnt/src/cfvariable.jl:110
â”Œ Debug: closing 65536
â”” @ NetcdfIO.NCDatasets /home/renatob/.julia/packages/NetcdfIO/UoGut/src/ncdatasets/netcdf_c.jl:895
â”Œ Debug: end close 65536
â”” @ NetcdfIO.NCDatasets /home/renatob/.julia/packages/NetcdfIO/UoGut/src/ncdatasets/netcdf_c.jl:897
â”Œ Debug: nc_open /home/renatob/GriddingMachine//published/8982c2361022359a3a954d9f35b65d48f6b9f39b/ELEV_4X_1Y_V1.nc with mode 0
â”” @ NetcdfIO.NCDatasets /home/renatob/.julia/packages/NetcdfIO/UoGut/src/ncdatasets/netcdf_c.jl:49
â”Œ Debug: parent variable
â”‚   _parentname = 
â”” @ CommonDataModel /home/renatob/.julia/packages/CommonDataModel/vTYnt/src/cfvariable.jl:110
â”Œ Debug: nc_get_var1
â”‚   indexp = [622, 94]
â”” @ NetcdfIO.NCDatasets /home/renatob/.julia/packages/NetcdfIO/UoGut/src/ncdatasets/netcdf_c.jl:566
â”Œ Debug: closing 65536
â”” @ NetcdfIO.NCDatasets /home/renatob/.julia/packages/NetcdfIO/UoGut/src/ncdatasets/netcdf_c.jl:895
â”Œ Debug: end close 65536
â”” @ NetcdfIO.NCDatasets /home/renatob/.julia/packages/NetcdfIO/UoGut/src/ncdatasets/netcdf_c.jl:897
â”Œ Info: ðŸ› ï¸  SPAC dictionary setup
â”‚   dict = Dict{String, Any}("Ï_NIR_C3" => 0.3989361767729196, "CLUMPING" => Float32[0.76325446, 0.7642273, 0.7652001, 0.8068371, 0.80297923, 0.7518322, 0.6731887, 0.7704441, 0.7911519, 0.76033604, 0.76130885, 0.76228166], "FT" => Float64, "LMA" => 0.01, "G1_MEDLYN_C3" => 109.76131389070169, "LON_INDEX" => 24, "LAT_INDEX" => 156, "ELEVATION" => 44.2f0, "LATITUDE" => 65.7, "Ï„_NIR_C4" => 0.34, "MESSAGE_LEVEL" => 0, "SOIL_Î±" => Float32[1.1438552, 1.1327248, 1.082152, 1.147478], "soil_color" => 13, "SOIL_N" => Float32[1.1438552, 1.1327248, 1.082152, 1.147478], "LAND_MASK" => 44.2f0, "SOIL_Î˜S" => Float32[0.8465286, 0.82613844, 0.7489416, 0.38136104], "Ï_PAR_C3" => 0.09361702243347632, "G1_MEDLYN_C4" => 51.22889809472775, "Ï„_PAR_C3" => 0.05000000079261496, "PFT_FRACTIONS" => Float32[0.06, 0.0, 0.27, 0.0, 0.0, 0.0, 0.0, 0.0, 0.0, 0.0, 0.0, 0.46, 0.21, 0.0, 0.0, 0.0, 0.0], "CANOPY_HEIGHT" => 13.0, "Ï_PAR_C4" => 0.11, "CHLOROPHYLL" => Float32[12.555555, 12.555555, 12.555555, 12.555555, 12.555555, 12.555555, 12.555555, 12.555555, 12.666667, 12.666667, 12.666667, 12.666667, 12.555555, 12.666667, 12.666667, 12.777778, 13.111111, 13.666667, 14.777778, 16.444445, 18.11111, 19.555555, 20.777779, 21.444445, 21.777779, 21.88889, 21.666666, 21.333334, 20.777779, 20.333334, 19.88889, 19.333334, 18.666666, 17.88889, 17.0, 16.222221, 15.222222, 14.444445, 13.666667, 13.333333, 12.888889, 12.666667, 12.555555, 12.555555, 12.555555, 12.555555, 12.555555, 12.555555, 12.555555, 12.555555, 12.555555, 12.555555], "RESO_SPACE" => 1, "CO2" => 414.24, "LONGITUDE" => -156.4, "YEAR" => 2022, "SAI" => 0.20843029f0, "SOIL_COLOR" => 17, "VCMAX25" => 55.987373f0, "Ï_NIR_C4" => 0.35, "Ï„_NIR_C3" => 0.22702127816073764, "Ï„_PAR_C4" => 0.05, "LAI" => Float32[0.09178364, 0.1102154, 0.23614772, 0.187795, 0.155248, 0.14140736, 0.10881218, 0.06261865, 0.04201093, 0.034514256, 0.032268032, 0.034491014, 0.057256028, 0.11279765, 0.19886033, 0.30890855, 0.48883277, 0.71585375, 0.96920496, 1.2570802, 1.471319, 1.6807759, 1.8310636, 1.9741548, 2.0724373, 2.084303, 2.003072, 1.8749429, 1.6169449, 1.3100727, 1.0487537, 0.8124392, 0.7434588, 0.8275577, 0.95923424, 1.1648693, 1.0556954, 0.81851006, 0.63316846, 0.45776737, 0.290238, 0.12935425, 0.051606156, 0.024868133, 0.026442366, 0.046444904], "SOIL_Î˜R" => Float32[0.05313002, 0.073187344, 0.041593567, 0.090637416])
â”” @ Main /net/fluo/data3/data/FluoData1/students/renato/aviris_huslia/debug_huslia_gpp.jl:95
â”Œ Info: âœ… SPAC object created
â”” @ Main /net/fluo/data3/data/FluoData1/students/renato/aviris_huslia/debug_huslia_gpp.jl:98
â”Œ Debug: nc_open /home/wyujie/DATASERVER/model/CLIMA/LAND/drivers/2022/weather_driver_wd1_2022_156_24_1X.nc with mode 0
â”” @ NetcdfIO.NCDatasets /home/renatob/.julia/packages/NetcdfIO/UoGut/src/ncdatasets/netcdf_c.jl:49
â”Œ Debug: closing 65536
â”” @ NetcdfIO.NCDatasets /home/renatob/.julia/packages/NetcdfIO/UoGut/src/ncdatasets/netcdf_c.jl:895
â”Œ Debug: end close 65536
â”” @ NetcdfIO.NCDatasets /home/renatob/.julia/packages/NetcdfIO/UoGut/src/ncdatasets/netcdf_c.jl:897
â”Œ Debug: nc_open /home/wyujie/DATASERVER/model/CLIMA/LAND/drivers/2022/weather_driver_wd1_2022_156_24_1X.nc with mode 0
â”” @ NetcdfIO.NCDatasets /home/renatob/.julia/packages/NetcdfIO/UoGut/src/ncdatasets/netcdf_c.jl:49
â”Œ Debug: parent variable
â”‚   _parentname = 
â”” @ CommonDataModel /home/renatob/.julia/packages/CommonDataModel/vTYnt/src/cfvariable.jl:110
â”Œ Debug: parent variable
â”‚   _parentname = 
â”” @ CommonDataModel /home/renatob/.julia/packages/CommonDataModel/vTYnt/src/cfvariable.jl:110
â”Œ Debug: parent variable
â”‚   _parentname = 
â”” @ CommonDataModel /home/renatob/.julia/packages/CommonDataModel/vTYnt/src/cfvariable.jl:110
â”Œ Debug: parent variable
â”‚   _parentname = 
â”” @ CommonDataModel /home/renatob/.julia/packages/CommonDataModel/vTYnt/src/cfvariable.jl:110
â”Œ Debug: parent variable
â”‚   _parentname = 
â”” @ CommonDataModel /home/renatob/.julia/packages/CommonDataModel/vTYnt/src/cfvariable.jl:110
â”Œ Debug: parent variable
â”‚   _parentname = 
â”” @ CommonDataModel /home/renatob/.julia/packages/CommonDataModel/vTYnt/src/cfvariable.jl:110
â”Œ Debug: parent variable
â”‚   _parentname = 
â”” @ CommonDataModel /home/renatob/.julia/packages/CommonDataModel/vTYnt/src/cfvariable.jl:110
â”Œ Debug: parent variable
â”‚   _parentname = 
â”” @ CommonDataModel /home/renatob/.julia/packages/CommonDataModel/vTYnt/src/cfvariable.jl:110
â”Œ Debug: parent variable
â”‚   _parentname = 
â”” @ CommonDataModel /home/renatob/.julia/packages/CommonDataModel/vTYnt/src/cfvariable.jl:110
â”Œ Debug: parent variable
â”‚   _parentname = 
â”” @ CommonDataModel /home/renatob/.julia/packages/CommonDataModel/vTYnt/src/cfvariable.jl:110
â”Œ Debug: parent variable
â”‚   _parentname = 
â”” @ CommonDataModel /home/renatob/.julia/packages/CommonDataModel/vTYnt/src/cfvariable.jl:110
â”Œ Debug: parent variable
â”‚   _parentname = 
â”” @ CommonDataModel /home/renatob/.julia/packages/CommonDataModel/vTYnt/src/cfvariable.jl:110
â”Œ Debug: parent variable
â”‚   _parentname = 
â”” @ CommonDataModel /home/renatob/.julia/packages/CommonDataModel/vTYnt/src/cfvariable.jl:110
â”Œ Debug: parent variable
â”‚   _parentname = 
â”” @ CommonDataModel /home/renatob/.julia/packages/CommonDataModel/vTYnt/src/cfvariable.jl:110
â”Œ Debug: parent variable
â”‚   _parentname = 
â”” @ CommonDataModel /home/renatob/.julia/packages/CommonDataModel/vTYnt/src/cfvariable.jl:110
â”Œ Debug: parent variable
â”‚   _parentname = 
â”” @ CommonDataModel /home/renatob/.julia/packages/CommonDataModel/vTYnt/src/cfvariable.jl:110
â”Œ Debug: parent variable
â”‚   _parentname = 
â”” @ CommonDataModel /home/renatob/.julia/packages/CommonDataModel/vTYnt/src/cfvariable.jl:110
â”Œ Debug: parent variable
â”‚   _parentname = 
â”” @ CommonDataModel /home/renatob/.julia/packages/CommonDataModel/vTYnt/src/cfvariable.jl:110
â”Œ Debug: parent variable
â”‚   _parentname = 
â”” @ CommonDataModel /home/renatob/.julia/packages/CommonDataModel/vTYnt/src/cfvariable.jl:110
â”Œ Debug: parent variable
â”‚   _parentname = 
â”” @ CommonDataModel /home/renatob/.julia/packages/CommonDataModel/vTYnt/src/cfvariable.jl:110
â”Œ Debug: parent variable
â”‚   _parentname = 
â”” @ CommonDataModel /home/renatob/.julia/packages/CommonDataModel/vTYnt/src/cfvariable.jl:110
â”Œ Debug: parent variable
â”‚   _parentname = 
â”” @ CommonDataModel /home/renatob/.julia/packages/CommonDataModel/vTYnt/src/cfvariable.jl:110
â”Œ Debug: parent variable
â”‚   _parentname = 
â”” @ CommonDataModel /home/renatob/.julia/packages/CommonDataModel/vTYnt/src/cfvariable.jl:110
â”Œ Debug: parent variable
â”‚   _parentname = 
â”” @ CommonDataModel /home/renatob/.julia/packages/CommonDataModel/vTYnt/src/cfvariable.jl:110
â”Œ Debug: parent variable
â”‚   _parentname = 
â”” @ CommonDataModel /home/renatob/.julia/packages/CommonDataModel/vTYnt/src/cfvariable.jl:110
â”Œ Debug: parent variable
â”‚   _parentname = 
â”” @ CommonDataModel /home/renatob/.julia/packages/CommonDataModel/vTYnt/src/cfvariable.jl:110
â”Œ Debug: parent variable
â”‚   _parentname = 
â”” @ CommonDataModel /home/renatob/.julia/packages/CommonDataModel/vTYnt/src/cfvariable.jl:110
â”Œ Debug: parent variable
â”‚   _parentname = 
â”” @ CommonDataModel /home/renatob/.julia/packages/CommonDataModel/vTYnt/src/cfvariable.jl:110
â”Œ Debug: parent variable
â”‚   _parentname = 
â”” @ CommonDataModel /home/renatob/.julia/packages/CommonDataModel/vTYnt/src/cfvariable.jl:110
â”Œ Debug: parent variable
â”‚   _parentname = 
â”” @ CommonDataModel /home/renatob/.julia/packages/CommonDataModel/vTYnt/src/cfvariable.jl:110
â”Œ Debug: parent variable
â”‚   _parentname = 
â”” @ CommonDataModel /home/renatob/.julia/packages/CommonDataModel/vTYnt/src/cfvariable.jl:110
â”Œ Debug: parent variable
â”‚   _parentname = 
â”” @ CommonDataModel /home/renatob/.julia/packages/CommonDataModel/vTYnt/src/cfvariable.jl:110
â”Œ Debug: parent variable
â”‚   _parentname = 
â”” @ CommonDataModel /home/renatob/.julia/packages/CommonDataModel/vTYnt/src/cfvariable.jl:110
â”Œ Debug: parent variable
â”‚   _parentname = 
â”” @ CommonDataModel /home/renatob/.julia/packages/CommonDataModel/vTYnt/src/cfvariable.jl:110
â”Œ Debug: parent variable
â”‚   _parentname = 
â”” @ CommonDataModel /home/renatob/.julia/packages/CommonDataModel/vTYnt/src/cfvariable.jl:110
â”Œ Debug: parent variable
â”‚   _parentname = 
â”” @ CommonDataModel /home/renatob/.julia/packages/CommonDataModel/vTYnt/src/cfvariable.jl:110
â”Œ Debug: parent variable
â”‚   _parentname = 
â”” @ CommonDataModel /home/renatob/.julia/packages/CommonDataModel/vTYnt/src/cfvariable.jl:110
â”Œ Debug: parent variable
â”‚   _parentname = 
â”” @ CommonDataModel /home/renatob/.julia/packages/CommonDataModel/vTYnt/src/cfvariable.jl:110
â”Œ Debug: parent variable
â”‚   _parentname = 
â”” @ CommonDataModel /home/renatob/.julia/packages/CommonDataModel/vTYnt/src/cfvariable.jl:110
â”Œ Debug: parent variable
â”‚   _parentname = 
â”” @ CommonDataModel /home/renatob/.julia/packages/CommonDataModel/vTYnt/src/cfvariable.jl:110
â”Œ Debug: parent variable
â”‚   _parentname = 
â”” @ CommonDataModel /home/renatob/.julia/packages/CommonDataModel/vTYnt/src/cfvariable.jl:110
â”Œ Debug: parent variable
â”‚   _parentname = 
â”” @ CommonDataModel /home/renatob/.julia/packages/CommonDataModel/vTYnt/src/cfvariable.jl:110
â”Œ Debug: parent variable
â”‚   _parentname = 
â”” @ CommonDataModel /home/renatob/.julia/packages/CommonDataModel/vTYnt/src/cfvariable.jl:110
â”Œ Debug: parent variable
â”‚   _parentname = 
â”” @ CommonDataModel /home/renatob/.julia/packages/CommonDataModel/vTYnt/src/cfvariable.jl:110
â”Œ Debug: parent variable
â”‚   _parentname = 
â”” @ CommonDataModel /home/renatob/.julia/packages/CommonDataModel/vTYnt/src/cfvariable.jl:110
â”Œ Debug: parent variable
â”‚   _parentname = 
â”” @ CommonDataModel /home/renatob/.julia/packages/CommonDataModel/vTYnt/src/cfvariable.jl:110
â”Œ Debug: parent variable
â”‚   _parentname = 
â”” @ CommonDataModel /home/renatob/.julia/packages/CommonDataModel/vTYnt/src/cfvariable.jl:110
â”Œ Debug: parent variable
â”‚   _parentname = 
â”” @ CommonDataModel /home/renatob/.julia/packages/CommonDataModel/vTYnt/src/cfvariable.jl:110
â”Œ Debug: parent variable
â”‚   _parentname = 
â”” @ CommonDataModel /home/renatob/.julia/packages/CommonDataModel/vTYnt/src/cfvariable.jl:110
â”Œ Debug: parent variable
â”‚   _parentname = 
â”” @ CommonDataModel /home/renatob/.julia/packages/CommonDataModel/vTYnt/src/cfvariable.jl:110
â”Œ Debug: parent variable
â”‚   _parentname = 
â”” @ CommonDataModel /home/renatob/.julia/packages/CommonDataModel/vTYnt/src/cfvariable.jl:110
â”Œ Debug: parent variable
â”‚   _parentname = 
â”” @ CommonDataModel /home/renatob/.julia/packages/CommonDataModel/vTYnt/src/cfvariable.jl:110
â”Œ Debug: parent variable
â”‚   _parentname = 
â”” @ CommonDataModel /home/renatob/.julia/packages/CommonDataModel/vTYnt/src/cfvariable.jl:110
â”Œ Debug: parent variable
â”‚   _parentname = 
â”” @ CommonDataModel /home/renatob/.julia/packages/CommonDataModel/vTYnt/src/cfvariable.jl:110
â”Œ Debug: parent variable
â”‚   _parentname = 
â”” @ CommonDataModel /home/renatob/.julia/packages/CommonDataModel/vTYnt/src/cfvariable.jl:110
â”Œ Debug: parent variable
â”‚   _parentname = 
â”” @ CommonDataModel /home/renatob/.julia/packages/CommonDataModel/vTYnt/src/cfvariable.jl:110
â”Œ Debug: parent variable
â”‚   _parentname = 
â”” @ CommonDataModel /home/renatob/.julia/packages/CommonDataModel/vTYnt/src/cfvariable.jl:110
â”Œ Debug: parent variable
â”‚   _parentname = 
â”” @ CommonDataModel /home/renatob/.julia/packages/CommonDataModel/vTYnt/src/cfvariable.jl:110
â”Œ Debug: parent variable
â”‚   _parentname = 
â”” @ CommonDataModel /home/renatob/.julia/packages/CommonDataModel/vTYnt/src/cfvariable.jl:110
â”Œ Debug: parent variable
â”‚   _parentname = 
â”” @ CommonDataModel /home/renatob/.julia/packages/CommonDataModel/vTYnt/src/cfvariable.jl:110
â”Œ Debug: parent variable
â”‚   _parentname = 
â”” @ CommonDataModel /home/renatob/.julia/packages/CommonDataModel/vTYnt/src/cfvariable.jl:110
â”Œ Debug: parent variable
â”‚   _parentname = 
â”” @ CommonDataModel /home/renatob/.julia/packages/CommonDataModel/vTYnt/src/cfvariable.jl:110
â”Œ Debug: parent variable
â”‚   _parentname = 
â”” @ CommonDataModel /home/renatob/.julia/packages/CommonDataModel/vTYnt/src/cfvariable.jl:110
â”Œ Debug: parent variable
â”‚   _parentname = 
â”” @ CommonDataModel /home/renatob/.julia/packages/CommonDataModel/vTYnt/src/cfvariable.jl:110
â”Œ Debug: parent variable
â”‚   _parentname = 
â”” @ CommonDataModel /home/renatob/.julia/packages/CommonDataModel/vTYnt/src/cfvariable.jl:110
â”Œ Debug: parent variable
â”‚   _parentname = 
â”” @ CommonDataModel /home/renatob/.julia/packages/CommonDataModel/vTYnt/src/cfvariable.jl:110
â”Œ Debug: parent variable
â”‚   _parentname = 
â”” @ CommonDataModel /home/renatob/.julia/packages/CommonDataModel/vTYnt/src/cfvariable.jl:110
â”Œ Debug: parent variable
â”‚   _parentname = 
â”” @ CommonDataModel /home/renatob/.julia/packages/CommonDataModel/vTYnt/src/cfvariable.jl:110
â”Œ Debug: parent variable
â”‚   _parentname = 
â”” @ CommonDataModel /home/renatob/.julia/packages/CommonDataModel/vTYnt/src/cfvariable.jl:110
â”Œ Debug: parent variable
â”‚   _parentname = 
â”” @ CommonDataModel /home/renatob/.julia/packages/CommonDataModel/vTYnt/src/cfvariable.jl:110
â”Œ Debug: parent variable
â”‚   _parentname = 
â”” @ CommonDataModel /home/renatob/.julia/packages/CommonDataModel/vTYnt/src/cfvariable.jl:110
â”Œ Debug: parent variable
â”‚   _parentname = 
â”” @ CommonDataModel /home/renatob/.julia/packages/CommonDataModel/vTYnt/src/cfvariable.jl:110
â”Œ Debug: parent variable
â”‚   _parentname = 
â”” @ CommonDataModel /home/renatob/.julia/packages/CommonDataModel/vTYnt/src/cfvariable.jl:110
â”Œ Debug: parent variable
â”‚   _parentname = 
â”” @ CommonDataModel /home/renatob/.julia/packages/CommonDataModel/vTYnt/src/cfvariable.jl:110
â”Œ Debug: parent variable
â”‚   _parentname = 
â”” @ CommonDataModel /home/renatob/.julia/packages/CommonDataModel/vTYnt/src/cfvariable.jl:110
â”Œ Debug: parent variable
â”‚   _parentname = 
â”” @ CommonDataModel /home/renatob/.julia/packages/CommonDataModel/vTYnt/src/cfvariable.jl:110
â”Œ Debug: parent variable
â”‚   _parentname = 
â”” @ CommonDataModel /home/renatob/.julia/packages/CommonDataModel/vTYnt/src/cfvariable.jl:110
â”Œ Debug: parent variable
â”‚   _parentname = 
â”” @ CommonDataModel /home/renatob/.julia/packages/CommonDataModel/vTYnt/src/cfvariable.jl:110
â”Œ Debug: parent variable
â”‚   _parentname = 
â”” @ CommonDataModel /home/renatob/.julia/packages/CommonDataModel/vTYnt/src/cfvariable.jl:110
â”Œ Debug: parent variable
â”‚   _parentname = 
â”” @ CommonDataModel /home/renatob/.julia/packages/CommonDataModel/vTYnt/src/cfvariable.jl:110
â”Œ Debug: parent variable
â”‚   _parentname = 
â”” @ CommonDataModel /home/renatob/.julia/packages/CommonDataModel/vTYnt/src/cfvariable.jl:110
â”Œ Debug: parent variable
â”‚   _parentname = 
â”” @ CommonDataModel /home/renatob/.julia/packages/CommonDataModel/vTYnt/src/cfvariable.jl:110
â”Œ Debug: parent variable
â”‚   _parentname = 
â”” @ CommonDataModel /home/renatob/.julia/packages/CommonDataModel/vTYnt/src/cfvariable.jl:110
â”Œ Debug: parent variable
â”‚   _parentname = 
â”” @ CommonDataModel /home/renatob/.julia/packages/CommonDataModel/vTYnt/src/cfvariable.jl:110
â”Œ Debug: closing 65536
â”” @ NetcdfIO.NCDatasets /home/renatob/.julia/packages/NetcdfIO/UoGut/src/ncdatasets/netcdf_c.jl:895
â”Œ Debug: end close 65536
â”” @ NetcdfIO.NCDatasets /home/renatob/.julia/packages/NetcdfIO/UoGut/src/ncdatasets/netcdf_c.jl:897
â”Œ Info: âœ… Weather driver loaded
â”‚   timesteps = 8760
â”” @ Main /net/fluo/data3/data/FluoData1/students/renato/aviris_huslia/debug_huslia_gpp.jl:101
â”Œ Info: ðŸ—“ï¸  Simulation day
â”‚   aviris_date = 2022-07-13T19:05:01.000000
â”‚   doy = 194
â”” @ Main /net/fluo/data3/data/FluoData1/students/renato/aviris_huslia/debug_huslia_gpp.jl:109
â”Œ Info: ðŸš€ Running GPP simulation over Central 4 Huslia pixels...
â”” @ Main /net/fluo/data3/data/FluoData1/students/renato/aviris_huslia/debug_huslia_gpp.jl:254
â”Œ Warning: âš ï¸ Converted VPD from Pa to kPa
â”” @ Main /net/fluo/data3/data/FluoData1/students/renato/aviris_huslia/debug_huslia_gpp.jl:128
â”Œ Debug: âž• Added input column
â”‚   column = T_LEAF
â”‚   default = 298.0
â”” @ Main /net/fluo/data3/data/FluoData1/students/renato/aviris_huslia/debug_huslia_gpp.jl:157
â”Œ Debug: âž• Added input column
â”‚   column = CLOUD
â”‚   default = 0.3
â”” @ Main /net/fluo/data3/data/FluoData1/students/renato/aviris_huslia/debug_huslia_gpp.jl:157
â”Œ Debug: âž• Added input column
â”‚   column = LAI
â”‚   default = 3.0
â”” @ Main /net/fluo/data3/data/FluoData1/students/renato/aviris_huslia/debug_huslia_gpp.jl:157
â”Œ Debug: âž• Added input column
â”‚   column = JMAX25
â”‚   default = 100.0
â”” @ Main /net/fluo/data3/data/FluoData1/students/renato/aviris_huslia/debug_huslia_gpp.jl:157
â”Œ Debug: âž• Added input column
â”‚   column = RAD_LW
â”‚   default = 300.0
â”” @ Main /net/fluo/data3/data/FluoData1/students/renato/aviris_huslia/debug_huslia_gpp.jl:157
â”Œ Debug: âž• Added input column
â”‚   column = CO2
â”‚   default = 400.0
â”” @ Main /net/fluo/data3/data/FluoData1/students/renato/aviris_huslia/debug_huslia_gpp.jl:157
â”Œ Debug: âž• Added input column
â”‚   column = VCMAX25
â”‚   default = 60.0
â”” @ Main /net/fluo/data3/data/FluoData1/students/renato/aviris_huslia/debug_huslia_gpp.jl:157
â”Œ Debug: âž• Added input column
â”‚   column = T_SOIL_3
â”‚   default = 286.0
â”” @ Main /net/fluo/data3/data/FluoData1/students/renato/aviris_huslia/debug_huslia_gpp.jl:157
â”Œ Debug: âž• Added input column
â”‚   column = CI
â”‚   default = 1.0
â”” @ Main /net/fluo/data3/data/FluoData1/students/renato/aviris_huslia/debug_huslia_gpp.jl:157
â”Œ Debug: âž• Added input column
â”‚   column = VPD
â”‚   default = 1.2
â”” @ Main /net/fluo/data3/data/FluoData1/students/renato/aviris_huslia/debug_huslia_gpp.jl:157
â”Œ Debug: âž• Added input column
â”‚   column = T_SOIL_4
â”‚   default = 285.0
â”” @ Main /net/fluo/data3/data/FluoData1/students/renato/aviris_huslia/debug_huslia_gpp.jl:157
â”Œ Debug: âž• Added input column
â”‚   column = CHL
â”‚   default = 30.0
â”” @ Main /net/fluo/data3/data/FluoData1/students/renato/aviris_huslia/debug_huslia_gpp.jl:157
â”Œ Debug: âž• Added input column
â”‚   column = WIND
â”‚   default = 2.0
â”” @ Main /net/fluo/data3/data/FluoData1/students/renato/aviris_huslia/debug_huslia_gpp.jl:157
â”Œ Debug: âž• Added input column
â”‚   column = T_SOIL_2
â”‚   default = 287.0
â”” @ Main /net/fluo/data3/data/FluoData1/students/renato/aviris_huslia/debug_huslia_gpp.jl:157
â”Œ Debug: âž• Added input column
â”‚   column = T_SOIL_1
â”‚   default = 288.0
â”” @ Main /net/fluo/data3/data/FluoData1/students/renato/aviris_huslia/debug_huslia_gpp.jl:157
â”Œ Debug: âž• Added input column
â”‚   column = P_ATM
â”‚   default = 101325.0
â”” @ Main /net/fluo/data3/data/FluoData1/students/renato/aviris_huslia/debug_huslia_gpp.jl:157
â”Œ Info: ðŸŒ¿ Starting pixel simulation
â”‚   pixel = 1
â”‚   CHL = 53.30000000000001
â”‚   LAI = 1.89
â”‚   VCMAX25 = 73.01000000000002
â”” @ Main /net/fluo/data3/data/FluoData1/students/renato/aviris_huslia/debug_huslia_gpp.jl:221
â”Œ Warning: âš ï¸ No GPP in output
â”‚   pixel = 1
â”” @ Main /net/fluo/data3/data/FluoData1/students/renato/aviris_huslia/debug_huslia_gpp.jl:236
â”Œ Info: ðŸŒ¿ Starting pixel simulation
â”‚   pixel = 2
â”‚   CHL = 80.0
â”‚   LAI = 1.555
â”‚   VCMAX25 = 107.72
â”” @ Main /net/fluo/data3/data/FluoData1/students/renato/aviris_huslia/debug_huslia_gpp.jl:221
â”Œ Warning: âš ï¸ No GPP in output
â”‚   pixel = 2
â”” @ Main /net/fluo/data3/data/FluoData1/students/renato/aviris_huslia/debug_huslia_gpp.jl:236
â”Œ Info: ðŸŒ¿ Starting pixel simulation
â”‚   pixel = 3
â”‚   CHL = 60.30000000000001
â”‚   LAI = 2.205000000000001
â”‚   VCMAX25 = 82.11000000000001
â”” @ Main /net/fluo/data3/data/FluoData1/students/renato/aviris_huslia/debug_huslia_gpp.jl:221
â”Œ Warning: âš ï¸ No GPP in output
â”‚   pixel = 3
â”” @ Main /net/fluo/data3/data/FluoData1/students/renato/aviris_huslia/debug_huslia_gpp.jl:236
â”Œ Info: ðŸŒ¿ Starting pixel simulation
â”‚   pixel = 4
â”‚   CHL = 80.0
â”‚   LAI = 1.3350000000000006
â”‚   VCMAX25 = 107.72
â”” @ Main /net/fluo/data3/data/FluoData1/students/renato/aviris_huslia/debug_huslia_gpp.jl:221
â”Œ Warning: âš ï¸ No GPP in output
â”‚   pixel = 4
â”” @ Main /net/fluo/data3/data/FluoData1/students/renato/aviris_huslia/debug_huslia_gpp.jl:236
â”Œ Error: ðŸš¨ All GPP values are NaN!
â”” @ Main /net/fluo/data3/data/FluoData1/students/renato/aviris_huslia/debug_huslia_gpp.jl:258
â”Œ Info: ðŸ’¾ Writing GPP results to NetCDF
â”‚   output_file = debug_huslia_central4_results.nc
â”” @ Main /net/fluo/data3/data/FluoData1/students/renato/aviris_huslia/debug_huslia_gpp.jl:265
â”Œ Debug: ncmode: 0
â”” @ NCDatasets /home/renatob/.julia/packages/NCDatasets/PkTUf/src/dataset.jl:207
â”Œ Debug: maskingvalue
â”‚   maskingvalue = missing
â”” @ NCDatasets /home/renatob/.julia/packages/NCDatasets/PkTUf/src/dataset.jl:78
â”Œ Debug: parent variable
â”‚   _parentname = 
â”” @ CommonDataModel /home/renatob/.julia/packages/CommonDataModel/vTYnt/src/cfvariable.jl:110
â”Œ Debug: parent variable
â”‚   _parentname = 
â”” @ CommonDataModel /home/renatob/.julia/packages/CommonDataModel/vTYnt/src/cfvariable.jl:110
â”Œ Debug: parent variable
â”‚   _parentname = 
â”” @ CommonDataModel /home/renatob/.julia/packages/CommonDataModel/vTYnt/src/cfvariable.jl:110
â”Œ Debug: parent variable
â”‚   _parentname = 
â”” @ CommonDataModel /home/renatob/.julia/packages/CommonDataModel/vTYnt/src/cfvariable.jl:110
â”Œ Debug: parent variable
â”‚   _parentname = 
â”” @ CommonDataModel /home/renatob/.julia/packages/CommonDataModel/vTYnt/src/cfvariable.jl:110
â”Œ Debug: parent variable
â”‚   _parentname = 
â”” @ CommonDataModel /home/renatob/.julia/packages/CommonDataModel/vTYnt/src/cfvariable.jl:110
â”Œ Debug: nc_put_vars: [0],[2],[1]
â”” @ NCDatasets /home/renatob/.julia/packages/NCDatasets/PkTUf/src/netcdf_c.jl:987
â”Œ Debug: shape (2,)
â”” @ NCDatasets /home/renatob/.julia/packages/NCDatasets/PkTUf/src/netcdf_c.jl:988
â”Œ Debug: nc_put_vars: [0],[2],[1]
â”” @ NCDatasets /home/renatob/.julia/packages/NCDatasets/PkTUf/src/netcdf_c.jl:987
â”Œ Debug: shape (2,)
â”” @ NCDatasets /home/renatob/.julia/packages/NCDatasets/PkTUf/src/netcdf_c.jl:988
â”Œ Debug: nc_put_vars: [0, 0],[2, 2],[1, 1]
â”” @ NCDatasets /home/renatob/.julia/packages/NCDatasets/PkTUf/src/netcdf_c.jl:987
â”Œ Debug: shape (2, 2)
â”” @ NCDatasets /home/renatob/.julia/packages/NCDatasets/PkTUf/src/netcdf_c.jl:988
â”Œ Debug: closing netCDF NCDataset 65536 debug_huslia_central4_results.nc
â”” @ NCDatasets /home/renatob/.julia/packages/NCDatasets/PkTUf/src/dataset.jl:253
â”Œ Debug: closing 65536
â”” @ NCDatasets /home/renatob/.julia/packages/NCDatasets/PkTUf/src/netcdf_c.jl:1242
â”Œ Debug: end close 65536
â”” @ NCDatasets /home/renatob/.julia/packages/NCDatasets/PkTUf/src/netcdf_c.jl:1244
â”Œ Info: âœ… NetCDF file written successfully!
â”‚   file = debug_huslia_central4_results.nc
â”” @ Main /net/fluo/data3/data/FluoData1/students/renato/aviris_huslia/debug_huslia_gpp.jl:285
